<?xml version="1.0" encoding="UTF-8"?>
<coverage generated="1788476104880" clover="3.2.0">
  <project timestamp="1788476104880" name="All files">
    <metrics statements="1079" coveredstatements="1045" conditionals="780" coveredconditionals="695" methods="300" coveredmethods="287" elements="2159" coveredelements="2027" complexity="0" loc="1079" ncloc="1079" packages="7" files="60" classes="60"/>
    <package name="src">
      <metrics statements="0" coveredstatements="0" conditionals="0" coveredconditionals="0" methods="0" coveredmethods="0"/>
      <file name="App.vue" path="/home/richard/experiments/fairteilerac/frontend/src/App.vue">
        <metrics statements="0" coveredstatements="0" conditionals="0" coveredconditionals="0" methods="0" coveredmethods="0"/>
      </file>
    </package>
    <package name="src.components">
      <metrics statements="125" coveredstatements="121" conditionals="102" coveredconditionals="95" methods="31" coveredmethods="29"/>
      <file name="ActivityBars.vue" path="/home/richard/experiments/fairteilerac/frontend/src/components/ActivityBars.vue">
        <metrics statements="8" coveredstatements="8" conditionals="2" coveredconditionals="2" methods="3" coveredmethods="3"/>
        <line num="5" count="62" type="stmt"/>
        <line num="14" count="2" type="stmt"/>
        <line num="16" count="62" type="stmt"/>
        <line num="17" count="62" type="stmt"/>
        <line num="18" count="62" type="stmt"/>
        <line num="19" count="434" type="cond" truecount="2" falsecount="0"/>
        <line num="25" count="62" type="stmt"/>
        <line num="31" count="434" type="stmt"/>
      </file>
      <file name="AppToast.vue" path="/home/richard/experiments/fairteilerac/frontend/src/components/AppToast.vue">
        <metrics statements="5" coveredstatements="5" conditionals="2" coveredconditionals="2" methods="1" coveredmethods="1"/>
        <line num="4" count="3" type="stmt"/>
        <line num="7" count="1" type="stmt"/>
        <line num="8" count="1" type="stmt"/>
        <line num="9" count="1" type="stmt"/>
        <line num="14" count="5" type="stmt"/>
      </file>
      <file name="BarSeries.vue" path="/home/richard/experiments/fairteilerac/frontend/src/components/BarSeries.vue">
        <metrics statements="12" coveredstatements="12" conditionals="8" coveredconditionals="8" methods="4" coveredmethods="4"/>
        <line num="9" count="6" type="stmt"/>
        <line num="19" count="1" type="stmt"/>
        <line num="21" count="6" type="stmt"/>
        <line num="22" count="6" type="stmt"/>
        <line num="23" count="6" type="stmt"/>
        <line num="24" count="84" type="cond" truecount="4" falsecount="0"/>
        <line num="25" count="70" type="stmt"/>
        <line num="29" count="6" type="stmt"/>
        <line num="30" count="6" type="stmt"/>
        <line num="31" count="6" type="stmt"/>
        <line num="36" count="6" type="stmt"/>
        <line num="37" count="84" type="stmt"/>
      </file>
      <file name="BottomNav.vue" path="/home/richard/experiments/fairteilerac/frontend/src/components/BottomNav.vue">
        <metrics statements="15" coveredstatements="15" conditionals="28" coveredconditionals="28" methods="6" coveredmethods="6"/>
        <line num="6" count="15" type="stmt"/>
        <line num="8" count="15" type="stmt"/>
        <line num="9" count="15" type="cond" truecount="2" falsecount="0"/>
        <line num="10" count="11" type="cond" truecount="4" falsecount="0"/>
        <line num="11" count="9" type="cond" truecount="2" falsecount="0"/>
        <line num="12" count="8" type="cond" truecount="2" falsecount="0"/>
        <line num="13" count="7" type="cond" truecount="2" falsecount="0"/>
        <line num="21" count="6" type="stmt"/>
        <line num="23" count="1" type="stmt"/>
        <line num="28" count="20" type="stmt"/>
        <line num="33" count="20" type="stmt"/>
        <line num="39" count="20" type="stmt"/>
        <line num="45" count="20" type="cond" truecount="2" falsecount="0"/>
        <line num="50" count="20" type="stmt"/>
        <line num="58" count="20" type="stmt"/>
      </file>
      <file name="CareBadges.vue" path="/home/richard/experiments/fairteilerac/frontend/src/components/CareBadges.vue">
        <metrics statements="0" coveredstatements="0" conditionals="4" coveredconditionals="4" methods="0" coveredmethods="0"/>
      </file>
      <file name="FairteilerCard.vue" path="/home/richard/experiments/fairteilerac/frontend/src/components/FairteilerCard.vue">
        <metrics statements="17" coveredstatements="17" conditionals="8" coveredconditionals="8" methods="2" coveredmethods="2"/>
        <line num="12" count="58" type="stmt"/>
        <line num="14" count="58" type="stmt"/>
        <line num="15" count="58" type="stmt"/>
        <line num="16" count="58" type="cond" truecount="2" falsecount="0"/>
        <line num="17" count="14" type="stmt"/>
        <line num="18" count="14" type="stmt"/>
        <line num="19" count="14" type="cond" truecount="2" falsecount="0"/>
        <line num="24" count="60" type="stmt"/>
        <line num="25" count="1" type="stmt"/>
        <line num="26" count="1" type="stmt"/>
        <line num="27" count="1" type="stmt"/>
        <line num="31" count="60" type="stmt"/>
        <line num="32" count="1" type="stmt"/>
        <line num="37" count="1" type="stmt"/>
        <line num="38" count="1" type="stmt"/>
        <line num="39" count="1" type="stmt"/>
        <line num="41" count="1" type="stmt"/>
      </file>
      <file name="FairteilerCardSkeleton.vue" path="/home/richard/experiments/fairteilerac/frontend/src/components/FairteilerCardSkeleton.vue">
        <metrics statements="2" coveredstatements="2" conditionals="0" coveredconditionals="0" methods="0" coveredmethods="0"/>
        <line num="10" count="1" type="stmt"/>
        <line num="15" count="1" type="stmt"/>
      </file>
      <file name="FilterChips.vue" path="/home/richard/experiments/fairteilerac/frontend/src/components/FilterChips.vue">
        <metrics statements="6" coveredstatements="6" conditionals="0" coveredconditionals="0" methods="3" coveredmethods="3"/>
        <line num="6" count="19" type="stmt"/>
        <line num="8" count="19" type="stmt"/>
        <line num="16" count="5" type="stmt"/>
        <line num="21" count="69" type="stmt"/>
        <line num="22" count="276" type="stmt"/>
        <line num="29" count="5" type="stmt"/>
      </file>
      <file name="InstallCard.vue" path="/home/richard/experiments/fairteilerac/frontend/src/components/InstallCard.vue">
        <metrics statements="11" coveredstatements="11" conditionals="11" coveredconditionals="10" methods="1" coveredmethods="1"/>
        <line num="6" count="8" type="stmt"/>
        <line num="8" count="8" type="stmt"/>
        <line num="11" count="2" type="cond" truecount="1" falsecount="1"/>
        <line num="12" count="2" type="stmt"/>
        <line num="13" count="2" type="stmt"/>
        <line num="14" count="2" type="stmt"/>
        <line num="16" count="2" type="stmt"/>
        <line num="23" count="28" type="cond" truecount="3" falsecount="0"/>
        <line num="27" count="2" type="stmt"/>
        <line num="32" count="2" type="stmt"/>
        <line num="34" count="2" type="stmt"/>
      </file>
      <file name="LegalPage.vue" path="/home/richard/experiments/fairteilerac/frontend/src/components/LegalPage.vue">
        <metrics statements="8" coveredstatements="6" conditionals="12" coveredconditionals="9" methods="1" coveredmethods="0"/>
        <line num="7" count="3" type="stmt"/>
        <line num="9" count="3" type="stmt"/>
        <line num="12" count="0" type="cond" truecount="0" falsecount="2"/>
        <line num="13" count="0" type="stmt"/>
        <line num="18" count="3" type="stmt"/>
        <line num="19" count="2" type="stmt"/>
        <line num="25" count="2" type="stmt"/>
        <line num="28" count="2" type="stmt"/>
      </file>
      <file name="OfflineBanner.vue" path="/home/richard/experiments/fairteilerac/frontend/src/components/OfflineBanner.vue">
        <metrics statements="1" coveredstatements="1" conditionals="0" coveredconditionals="0" methods="0" coveredmethods="0"/>
        <line num="6" count="1" type="stmt"/>
      </file>
      <file name="SkeletonBlock.vue" path="/home/richard/experiments/fairteilerac/frontend/src/components/SkeletonBlock.vue">
        <metrics statements="1" coveredstatements="1" conditionals="2" coveredconditionals="2" methods="0" coveredmethods="0"/>
        <line num="20" count="458" type="stmt"/>
      </file>
      <file name="StatusBadge.vue" path="/home/richard/experiments/fairteilerac/frontend/src/components/StatusBadge.vue">
        <metrics statements="3" coveredstatements="3" conditionals="0" coveredconditionals="0" methods="1" coveredmethods="1"/>
        <line num="6" count="78" type="stmt"/>
        <line num="8" count="78" type="stmt"/>
        <line num="12" count="78" type="stmt"/>
      </file>
      <file name="WelcomeOverlay.vue" path="/home/richard/experiments/fairteilerac/frontend/src/components/WelcomeOverlay.vue">
        <metrics statements="36" coveredstatements="34" conditionals="25" coveredconditionals="22" methods="9" coveredmethods="8"/>
        <line num="13" count="9" type="stmt"/>
        <line num="14" count="9" type="stmt"/>
        <line num="15" count="9" type="stmt"/>
        <line num="18" count="0" type="stmt"/>
        <line num="19" count="0" type="stmt"/>
        <line num="23" count="9" type="stmt"/>
        <line num="24" count="9" type="stmt"/>
        <line num="25" count="9" type="cond" truecount="1" falsecount="1"/>
        <line num="28" count="9" type="stmt"/>
        <line num="29" count="9" type="stmt"/>
        <line num="30" count="9" type="stmt"/>
        <line num="31" count="9" type="stmt"/>
        <line num="34" count="5" type="stmt"/>
        <line num="35" count="5" type="stmt"/>
        <line num="40" count="4" type="cond" truecount="4" falsecount="0"/>
        <line num="43" count="9" type="stmt"/>
        <line num="44" count="9" type="stmt"/>
        <line num="45" count="9" type="cond" truecount="2" falsecount="0"/>
        <line num="46" count="8" type="stmt"/>
        <line num="47" count="8" type="stmt"/>
        <line num="51" count="9" type="stmt"/>
        <line num="52" count="1" type="stmt"/>
        <line num="56" count="1" type="stmt"/>
        <line num="57" count="1" type="stmt"/>
        <line num="61" count="2" type="cond" truecount="1" falsecount="1"/>
        <line num="62" count="2" type="stmt"/>
        <line num="63" count="2" type="stmt"/>
        <line num="64" count="2" type="stmt"/>
        <line num="66" count="2" type="stmt"/>
        <line num="72" count="71" type="cond" truecount="1" falsecount="0"/>
        <line num="73" count="1" type="stmt"/>
        <line num="81" count="297" type="stmt"/>
        <line num="89" count="1" type="stmt"/>
        <line num="90" count="1" type="stmt"/>
        <line num="92" count="1" type="stmt"/>
        <line num="115" count="1" type="stmt"/>
      </file>
    </package>
    <package name="src.composables">
      <metrics statements="175" coveredstatements="171" conditionals="95" coveredconditionals="88" methods="60" coveredmethods="59"/>
      <file name="api.ts" path="/home/richard/experiments/fairteilerac/frontend/src/composables/api.ts">
        <metrics statements="19" coveredstatements="19" conditionals="8" coveredconditionals="7" methods="9" coveredmethods="9"/>
        <line num="22" count="6" type="stmt"/>
        <line num="23" count="6" type="stmt"/>
        <line num="24" count="6" type="stmt"/>
        <line num="29" count="108" type="stmt"/>
        <line num="30" count="95" type="cond" truecount="2" falsecount="0"/>
        <line num="31" count="6" type="stmt"/>
        <line num="32" count="6" type="stmt"/>
        <line num="33" count="6" type="stmt"/>
        <line num="34" count="5" type="cond" truecount="3" falsecount="1"/>
        <line num="38" count="6" type="stmt"/>
        <line num="40" count="89" type="cond" truecount="2" falsecount="0"/>
        <line num="41" count="82" type="stmt"/>
        <line num="45" count="41" type="stmt"/>
        <line num="49" count="23" type="stmt"/>
        <line num="53" count="13" type="stmt"/>
        <line num="57" count="10" type="stmt"/>
        <line num="62" count="5" type="stmt"/>
        <line num="76" count="11" type="stmt"/>
        <line num="88" count="5" type="stmt"/>
      </file>
      <file name="device.ts" path="/home/richard/experiments/fairteilerac/frontend/src/composables/device.ts">
        <metrics statements="14" coveredstatements="14" conditionals="8" coveredconditionals="8" methods="2" coveredmethods="2"/>
        <line num="1" count="9" type="stmt"/>
        <line num="3" count="9" type="stmt"/>
        <line num="6" count="20" type="stmt"/>
        <line num="7" count="20" type="cond" truecount="4" falsecount="0"/>
        <line num="8" count="19" type="stmt"/>
        <line num="13" count="1" type="stmt"/>
        <line num="21" count="26" type="stmt"/>
        <line num="22" count="26" type="stmt"/>
        <line num="23" count="26" type="cond" truecount="2" falsecount="0"/>
        <line num="24" count="18" type="stmt"/>
        <line num="25" count="18" type="stmt"/>
        <line num="26" count="18" type="stmt"/>
        <line num="28" count="3" type="cond" truecount="2" falsecount="0"/>
        <line num="29" count="3" type="stmt"/>
      </file>
      <file name="ownReports.ts" path="/home/richard/experiments/fairteilerac/frontend/src/composables/ownReports.ts">
        <metrics statements="23" coveredstatements="23" conditionals="17" coveredconditionals="14" methods="11" coveredmethods="11"/>
        <line num="6" count="3" type="stmt"/>
        <line num="8" count="3" type="stmt"/>
        <line num="9" count="3" type="stmt"/>
        <line num="18" count="334" type="stmt"/>
        <line num="19" count="334" type="cond" truecount="1" falsecount="1"/>
        <line num="20" count="334" type="stmt"/>
        <line num="24" count="335" type="cond" truecount="3" falsecount="1"/>
        <line num="25" count="335" type="stmt"/>
        <line num="26" count="335" type="stmt"/>
        <line num="34" count="41" type="stmt"/>
        <line num="35" count="41" type="stmt"/>
        <line num="43" count="88" type="stmt"/>
        <line num="44" count="88" type="stmt"/>
        <line num="45" count="88" type="cond" truecount="2" falsecount="0"/>
        <line num="46" count="54" type="stmt"/>
        <line num="47" count="54" type="cond" truecount="1" falsecount="1"/>
        <line num="48" count="334" type="stmt"/>
        <line num="50" count="1" type="stmt"/>
        <line num="55" count="290" type="stmt"/>
        <line num="56" count="38" type="stmt"/>
        <line num="57" count="38" type="stmt"/>
        <line num="61" count="3" type="stmt"/>
        <line num="66" count="40" type="stmt"/>
      </file>
      <file name="pushPrefs.ts" path="/home/richard/experiments/fairteilerac/frontend/src/composables/pushPrefs.ts">
        <metrics statements="11" coveredstatements="11" conditionals="4" coveredconditionals="3" methods="3" coveredmethods="3"/>
        <line num="3" count="2" type="stmt"/>
        <line num="4" count="2" type="stmt"/>
        <line num="12" count="12" type="stmt"/>
        <line num="13" count="12" type="stmt"/>
        <line num="14" count="12" type="cond" truecount="2" falsecount="0"/>
        <line num="15" count="12" type="stmt"/>
        <line num="16" count="4" type="cond" truecount="1" falsecount="1"/>
        <line num="20" count="1" type="stmt"/>
        <line num="25" count="4" type="stmt"/>
        <line num="26" count="4" type="stmt"/>
        <line num="27" count="4" type="stmt"/>
      </file>
      <file name="settings.ts" path="/home/richard/experiments/fairteilerac/frontend/src/composables/settings.ts">
        <metrics statements="18" coveredstatements="16" conditionals="4" coveredconditionals="4" methods="5" coveredmethods="5"/>
        <line num="4" count="4" type="stmt"/>
        <line num="8" count="18" type="stmt"/>
        <line num="9" count="18" type="stmt"/>
        <line num="11" count="0" type="stmt"/>
        <line num="16" count="3" type="stmt"/>
        <line num="17" count="3" type="stmt"/>
        <line num="23" count="4" type="stmt"/>
        <line num="27" count="15" type="stmt"/>
        <line num="28" count="15" type="stmt"/>
        <line num="29" count="15" type="cond" truecount="4" falsecount="0"/>
        <line num="30" count="2" type="stmt"/>
        <line num="35" count="13" type="stmt"/>
        <line num="39" count="6" type="stmt"/>
        <line num="40" count="6" type="stmt"/>
        <line num="48" count="2" type="stmt"/>
        <line num="49" count="2" type="stmt"/>
        <line num="50" count="2" type="stmt"/>
        <line num="52" count="0" type="stmt"/>
      </file>
      <file name="useFilters.ts" path="/home/richard/experiments/fairteilerac/frontend/src/composables/useFilters.ts">
        <metrics statements="19" coveredstatements="19" conditionals="6" coveredconditionals="6" methods="4" coveredmethods="4"/>
        <line num="4" count="9" type="stmt"/>
        <line num="7" count="9" type="stmt"/>
        <line num="8" count="9" type="stmt"/>
        <line num="9" count="9" type="stmt"/>
        <line num="10" count="9" type="cond" truecount="2" falsecount="0"/>
        <line num="11" count="3" type="stmt"/>
        <line num="12" count="3" type="cond" truecount="4" falsecount="0"/>
        <line num="13" count="1" type="stmt"/>
        <line num="14" count="1" type="stmt"/>
        <line num="15" count="1" type="stmt"/>
        <line num="16" count="1" type="stmt"/>
        <line num="17" count="1" type="stmt"/>
        <line num="23" count="9" type="stmt"/>
        <line num="27" count="9" type="stmt"/>
        <line num="29" count="9" type="stmt"/>
        <line num="30" count="11" type="stmt"/>
        <line num="31" count="11" type="stmt"/>
        <line num="38" count="44" type="stmt"/>
        <line num="42" count="20" type="stmt"/>
      </file>
      <file name="useInstallPrompt.ts" path="/home/richard/experiments/fairteilerac/frontend/src/composables/useInstallPrompt.ts">
        <metrics statements="34" coveredstatements="33" conditionals="24" coveredconditionals="23" methods="11" coveredmethods="10"/>
        <line num="23" count="54" type="cond" truecount="2" falsecount="0"/>
        <line num="24" count="51" type="cond" truecount="2" falsecount="0"/>
        <line num="25" count="25" type="cond" truecount="2" falsecount="0"/>
        <line num="26" count="23" type="stmt"/>
        <line num="30" count="51" type="stmt"/>
        <line num="31" count="51" type="cond" truecount="4" falsecount="0"/>
        <line num="32" count="2" type="stmt"/>
        <line num="37" count="49" type="stmt"/>
        <line num="44" count="52" type="cond" truecount="3" falsecount="1"/>
        <line num="45" count="52" type="stmt"/>
        <line num="48" count="4" type="stmt"/>
        <line num="49" count="4" type="stmt"/>
        <line num="53" count="27" type="cond" truecount="4" falsecount="0"/>
        <line num="54" count="12" type="stmt"/>
        <line num="55" count="12" type="stmt"/>
        <line num="56" count="18" type="stmt"/>
        <line num="57" count="18" type="stmt"/>
        <line num="59" count="12" type="stmt"/>
        <line num="60" count="0" type="stmt"/>
        <line num="71" count="20" type="stmt"/>
        <line num="72" count="20" type="stmt"/>
        <line num="73" count="49" type="stmt"/>
        <line num="75" count="20" type="stmt"/>
        <line num="78" count="7" type="stmt"/>
        <line num="79" count="7" type="cond" truecount="2" falsecount="0"/>
        <line num="80" count="6" type="stmt"/>
        <line num="81" count="6" type="stmt"/>
        <line num="82" count="5" type="stmt"/>
        <line num="83" count="5" type="cond" truecount="2" falsecount="0"/>
        <line num="84" count="5" type="stmt"/>
        <line num="87" count="1" type="stmt"/>
        <line num="91" count="20" type="stmt"/>
        <line num="96" count="21" type="stmt"/>
        <line num="97" count="21" type="stmt"/>
      </file>
      <file name="useOnline.ts" path="/home/richard/experiments/fairteilerac/frontend/src/composables/useOnline.ts">
        <metrics statements="11" coveredstatements="11" conditionals="5" coveredconditionals="4" methods="6" coveredmethods="6"/>
        <line num="5" count="42" type="cond" truecount="1" falsecount="1"/>
        <line num="7" count="42" type="stmt"/>
        <line num="8" count="42" type="stmt"/>
        <line num="10" count="42" type="stmt"/>
        <line num="11" count="42" type="stmt"/>
        <line num="12" count="42" type="stmt"/>
        <line num="15" count="42" type="stmt"/>
        <line num="16" count="12" type="stmt"/>
        <line num="17" count="12" type="stmt"/>
        <line num="20" count="42" type="stmt"/>
        <line num="33" count="89" type="cond" truecount="3" falsecount="0"/>
      </file>
      <file name="useReducedMotion.ts" path="/home/richard/experiments/fairteilerac/frontend/src/composables/useReducedMotion.ts">
        <metrics statements="3" coveredstatements="3" conditionals="2" coveredconditionals="2" methods="1" coveredmethods="1"/>
        <line num="3" count="460" type="stmt"/>
        <line num="4" count="460" type="stmt"/>
        <line num="9" count="1" type="stmt"/>
      </file>
      <file name="useToast.ts" path="/home/richard/experiments/fairteilerac/frontend/src/composables/useToast.ts">
        <metrics statements="14" coveredstatements="14" conditionals="13" coveredconditionals="13" methods="4" coveredmethods="4"/>
        <line num="15" count="5" type="stmt"/>
        <line num="22" count="5" type="stmt"/>
        <line num="28" count="18" type="stmt"/>
        <line num="29" count="18" type="cond" truecount="2" falsecount="0"/>
        <line num="30" count="18" type="cond" truecount="2" falsecount="0"/>
        <line num="31" count="18" type="stmt"/>
        <line num="32" count="18" type="cond" truecount="2" falsecount="0"/>
        <line num="33" count="18" type="stmt"/>
        <line num="35" count="3" type="stmt"/>
        <line num="36" count="3" type="stmt"/>
        <line num="43" count="8" type="cond" truecount="2" falsecount="0"/>
        <line num="44" count="8" type="stmt"/>
        <line num="45" count="8" type="stmt"/>
        <line num="49" count="16" type="stmt"/>
      </file>
      <file name="welcome.ts" path="/home/richard/experiments/fairteilerac/frontend/src/composables/welcome.ts">
        <metrics statements="9" coveredstatements="8" conditionals="4" coveredconditionals="4" methods="4" coveredmethods="4"/>
        <line num="5" count="1" type="stmt"/>
        <line num="7" count="1" type="stmt"/>
        <line num="10" count="14" type="stmt"/>
        <line num="11" count="14" type="stmt"/>
        <line num="13" count="0" type="stmt"/>
        <line num="18" count="7" type="stmt"/>
        <line num="19" count="7" type="stmt"/>
        <line num="27" count="17" type="cond" truecount="2" falsecount="0"/>
        <line num="32" count="14" type="cond" truecount="2" falsecount="0"/>
      </file>
    </package>
    <package name="src.i18n">
      <metrics statements="54" coveredstatements="53" conditionals="27" coveredconditionals="18" methods="20" coveredmethods="20"/>
      <file name="ar.ts" path="/home/richard/experiments/fairteilerac/frontend/src/i18n/ar.ts">
        <metrics statements="1" coveredstatements="1" conditionals="0" coveredconditionals="0" methods="0" coveredmethods="0"/>
        <line num="3" count="2" type="stmt"/>
      </file>
      <file name="de.ts" path="/home/richard/experiments/fairteilerac/frontend/src/i18n/de.ts">
        <metrics statements="1" coveredstatements="1" conditionals="0" coveredconditionals="0" methods="0" coveredmethods="0"/>
        <line num="6" count="21" type="stmt"/>
      </file>
      <file name="en.ts" path="/home/richard/experiments/fairteilerac/frontend/src/i18n/en.ts">
        <metrics statements="1" coveredstatements="1" conditionals="0" coveredconditionals="0" methods="0" coveredmethods="0"/>
        <line num="3" count="3" type="stmt"/>
      </file>
      <file name="fr.ts" path="/home/richard/experiments/fairteilerac/frontend/src/i18n/fr.ts">
        <metrics statements="1" coveredstatements="1" conditionals="0" coveredconditionals="0" methods="0" coveredmethods="0"/>
        <line num="3" count="2" type="stmt"/>
      </file>
      <file name="index.ts" path="/home/richard/experiments/fairteilerac/frontend/src/i18n/index.ts">
        <metrics statements="45" coveredstatements="44" conditionals="27" coveredconditionals="18" methods="20" coveredmethods="20"/>
        <line num="14" count="21" type="stmt"/>
        <line num="28" count="21" type="stmt"/>
        <line num="30" count="21" type="stmt"/>
        <line num="31" count="3" type="stmt"/>
        <line num="32" count="2" type="stmt"/>
        <line num="33" count="2" type="stmt"/>
        <line num="34" count="1" type="stmt"/>
        <line num="35" count="1" type="stmt"/>
        <line num="36" count="1" type="stmt"/>
        <line num="37" count="1" type="stmt"/>
        <line num="38" count="1" type="stmt"/>
        <line num="41" count="21" type="stmt"/>
        <line num="43" count="21" type="stmt"/>
        <line num="46" count="82" type="stmt"/>
        <line num="50" count="3878" type="cond" truecount="2" falsecount="0"/>
        <line num="51" count="210" type="stmt"/>
        <line num="52" count="285" type="cond" truecount="1" falsecount="1"/>
        <line num="58" count="3878" type="stmt"/>
        <line num="59" count="3878" type="cond" truecount="2" falsecount="1"/>
        <line num="60" count="3878" type="stmt"/>
        <line num="64" count="87" type="cond" truecount="1" falsecount="1"/>
        <line num="65" count="87" type="stmt"/>
        <line num="66" count="87" type="cond" truecount="2" falsecount="0"/>
        <line num="71" count="19" type="cond" truecount="4" falsecount="0"/>
        <line num="72" count="12" type="stmt"/>
        <line num="73" count="12" type="stmt"/>
        <line num="75" count="0" type="stmt"/>
        <line num="78" count="19" type="stmt"/>
        <line num="79" count="19" type="stmt"/>
        <line num="80" count="19" type="stmt"/>
        <line num="81" count="19" type="stmt"/>
        <line num="89" count="7" type="stmt"/>
        <line num="90" count="11" type="cond" truecount="1" falsecount="1"/>
        <line num="91" count="11" type="cond" truecount="2" falsecount="0"/>
        <line num="93" count="3" type="stmt"/>
        <line num="98" count="1" type="stmt"/>
        <line num="99" count="1" type="stmt"/>
        <line num="100" count="1" type="stmt"/>
        <line num="105" count="1" type="cond" truecount="3" falsecount="1"/>
        <line num="108" count="1" type="stmt"/>
        <line num="109" count="1" type="stmt"/>
        <line num="120" count="44" type="stmt"/>
        <line num="122" count="39" type="stmt"/>
        <line num="130" count="67" type="stmt"/>
        <line num="131" count="67" type="stmt"/>
      </file>
      <file name="nl.ts" path="/home/richard/experiments/fairteilerac/frontend/src/i18n/nl.ts">
        <metrics statements="1" coveredstatements="1" conditionals="0" coveredconditionals="0" methods="0" coveredmethods="0"/>
        <line num="3" count="2" type="stmt"/>
      </file>
      <file name="pl.ts" path="/home/richard/experiments/fairteilerac/frontend/src/i18n/pl.ts">
        <metrics statements="1" coveredstatements="1" conditionals="0" coveredconditionals="0" methods="0" coveredmethods="0"/>
        <line num="3" count="2" type="stmt"/>
      </file>
      <file name="ru.ts" path="/home/richard/experiments/fairteilerac/frontend/src/i18n/ru.ts">
        <metrics statements="1" coveredstatements="1" conditionals="0" coveredconditionals="0" methods="0" coveredmethods="0"/>
        <line num="3" count="2" type="stmt"/>
      </file>
      <file name="tr.ts" path="/home/richard/experiments/fairteilerac/frontend/src/i18n/tr.ts">
        <metrics statements="1" coveredstatements="1" conditionals="0" coveredconditionals="0" methods="0" coveredmethods="0"/>
        <line num="3" count="2" type="stmt"/>
      </file>
      <file name="uk.ts" path="/home/richard/experiments/fairteilerac/frontend/src/i18n/uk.ts">
        <metrics statements="1" coveredstatements="1" conditionals="0" coveredconditionals="0" methods="0" coveredmethods="0"/>
        <line num="3" count="2" type="stmt"/>
      </file>
    </package>
    <package name="src.lib">
      <metrics statements="175" coveredstatements="175" conditionals="142" coveredconditionals="141" methods="53" coveredmethods="52"/>
      <file name="apiBase.ts" path="/home/richard/experiments/fairteilerac/frontend/src/lib/apiBase.ts">
        <metrics statements="6" coveredstatements="6" conditionals="6" coveredconditionals="6" methods="3" coveredmethods="3"/>
        <line num="9" count="119" type="cond" truecount="2" falsecount="0"/>
        <line num="10" count="119" type="cond" truecount="2" falsecount="0"/>
        <line num="15" count="110" type="stmt"/>
        <line num="24" count="5" type="stmt"/>
        <line num="25" count="5" type="cond" truecount="2" falsecount="0"/>
        <line num="26" count="5" type="stmt"/>
      </file>
      <file name="filters.ts" path="/home/richard/experiments/fairteilerac/frontend/src/lib/filters.ts">
        <metrics statements="7" coveredstatements="7" conditionals="18" coveredconditionals="18" methods="3" coveredmethods="3"/>
        <line num="15" count="35" type="stmt"/>
        <line num="23" count="66" type="stmt"/>
        <line num="24" count="169" type="cond" truecount="4" falsecount="0"/>
        <line num="25" count="138" type="cond" truecount="4" falsecount="0"/>
        <line num="26" count="136" type="cond" truecount="4" falsecount="0"/>
        <line num="29" count="129" type="cond" truecount="6" falsecount="0"/>
        <line num="30" count="111" type="stmt"/>
      </file>
      <file name="geo.ts" path="/home/richard/experiments/fairteilerac/frontend/src/lib/geo.ts">
        <metrics statements="32" coveredstatements="32" conditionals="12" coveredconditionals="12" methods="9" coveredmethods="8"/>
        <line num="23" count="5" type="stmt"/>
        <line num="24" count="5" type="stmt"/>
        <line num="38" count="5" type="cond" truecount="2" falsecount="0"/>
        <line num="39" count="1" type="stmt"/>
        <line num="42" count="10" type="stmt"/>
        <line num="43" count="10" type="stmt"/>
        <line num="44" count="4" type="stmt"/>
        <line num="45" count="4" type="stmt"/>
        <line num="46" count="4" type="stmt"/>
        <line num="47" count="4" type="stmt"/>
        <line num="49" count="4" type="stmt"/>
        <line num="50" count="4" type="stmt"/>
        <line num="51" count="4" type="stmt"/>
        <line num="53" count="4" type="stmt"/>
        <line num="54" count="4" type="stmt"/>
        <line num="56" count="4" type="stmt"/>
        <line num="57" count="4" type="stmt"/>
        <line num="59" count="4" type="cond" truecount="2" falsecount="0"/>
        <line num="60" count="5" type="cond" truecount="2" falsecount="0"/>
        <line num="61" count="5" type="stmt"/>
        <line num="62" count="5" type="cond" truecount="2" falsecount="0"/>
        <line num="64" count="10" type="stmt"/>
        <line num="70" count="7" type="stmt"/>
        <line num="74" count="212" type="stmt"/>
        <line num="75" count="53" type="stmt"/>
        <line num="76" count="53" type="stmt"/>
        <line num="78" count="53" type="stmt"/>
        <line num="80" count="53" type="stmt"/>
        <line num="85" count="22" type="cond" truecount="2" falsecount="0"/>
        <line num="86" count="9" type="stmt"/>
        <line num="87" count="9" type="stmt"/>
        <line num="89" count="13" type="stmt"/>
      </file>
      <file name="hours.ts" path="/home/richard/experiments/fairteilerac/frontend/src/lib/hours.ts">
        <metrics statements="15" coveredstatements="15" conditionals="13" coveredconditionals="13" methods="7" coveredmethods="7"/>
        <line num="4" count="4" type="stmt"/>
        <line num="7" count="135" type="stmt"/>
        <line num="12" count="18" type="stmt"/>
        <line num="13" count="18" type="stmt"/>
        <line num="14" count="18" type="cond" truecount="2" falsecount="0"/>
        <line num="15" count="4" type="stmt"/>
        <line num="20" count="9" type="stmt"/>
        <line num="33" count="3" type="stmt"/>
        <line num="34" count="21" type="cond" truecount="2" falsecount="0"/>
        <line num="35" count="21" type="stmt"/>
        <line num="47" count="25" type="stmt"/>
        <line num="48" count="25" type="stmt"/>
        <line num="59" count="108" type="cond" truecount="2" falsecount="0"/>
        <line num="60" count="95" type="cond" truecount="4" falsecount="0"/>
        <line num="61" count="86" type="stmt"/>
      </file>
      <file name="labels.ts" path="/home/richard/experiments/fairteilerac/frontend/src/lib/labels.ts">
        <metrics statements="7" coveredstatements="7" conditionals="4" coveredconditionals="4" methods="3" coveredmethods="3"/>
        <line num="5" count="6" type="stmt"/>
        <line num="18" count="223" type="cond" truecount="2" falsecount="0"/>
        <line num="19" count="221" type="stmt"/>
        <line num="23" count="75" type="stmt"/>
        <line num="26" count="6" type="stmt"/>
        <line num="36" count="36" type="cond" truecount="2" falsecount="0"/>
        <line num="37" count="35" type="stmt"/>
      </file>
      <file name="markdown.ts" path="/home/richard/experiments/fairteilerac/frontend/src/lib/markdown.ts">
        <metrics statements="35" coveredstatements="35" conditionals="12" coveredconditionals="12" methods="7" coveredmethods="7"/>
        <line num="10" count="26" type="stmt"/>
        <line num="18" count="49" type="stmt"/>
        <line num="20" count="49" type="stmt"/>
        <line num="23" count="1" type="stmt"/>
        <line num="25" count="49" type="stmt"/>
        <line num="26" count="49" type="stmt"/>
        <line num="27" count="49" type="stmt"/>
        <line num="31" count="28" type="cond" truecount="2" falsecount="0"/>
        <line num="32" count="26" type="stmt"/>
        <line num="33" count="26" type="stmt"/>
        <line num="34" count="26" type="stmt"/>
        <line num="35" count="26" type="stmt"/>
        <line num="38" count="51" type="cond" truecount="2" falsecount="0"/>
        <line num="39" count="46" type="stmt"/>
        <line num="40" count="46" type="stmt"/>
        <line num="44" count="96" type="cond" truecount="2" falsecount="0"/>
        <line num="45" count="2" type="stmt"/>
        <line num="46" count="1" type="stmt"/>
        <line num="50" count="26" type="stmt"/>
        <line num="51" count="72" type="stmt"/>
        <line num="52" count="72" type="cond" truecount="2" falsecount="0"/>
        <line num="53" count="22" type="stmt"/>
        <line num="54" count="22" type="stmt"/>
        <line num="55" count="50" type="cond" truecount="2" falsecount="0"/>
        <line num="56" count="1" type="stmt"/>
        <line num="57" count="1" type="stmt"/>
        <line num="58" count="1" type="stmt"/>
        <line num="59" count="49" type="cond" truecount="2" falsecount="0"/>
        <line num="60" count="2" type="stmt"/>
        <line num="61" count="2" type="stmt"/>
        <line num="63" count="47" type="stmt"/>
        <line num="64" count="47" type="stmt"/>
        <line num="67" count="26" type="stmt"/>
        <line num="68" count="26" type="stmt"/>
        <line num="69" count="26" type="stmt"/>
      </file>
      <file name="navigation.ts" path="/home/richard/experiments/fairteilerac/frontend/src/lib/navigation.ts">
        <metrics statements="6" coveredstatements="6" conditionals="4" coveredconditionals="4" methods="1" coveredmethods="1"/>
        <line num="11" count="24" type="stmt"/>
        <line num="12" count="24" type="cond" truecount="2" falsecount="0"/>
        <line num="13" count="2" type="stmt"/>
        <line num="15" count="22" type="cond" truecount="2" falsecount="0"/>
        <line num="16" count="1" type="stmt"/>
        <line num="18" count="21" type="stmt"/>
      </file>
      <file name="push.ts" path="/home/richard/experiments/fairteilerac/frontend/src/lib/push.ts">
        <metrics statements="35" coveredstatements="35" conditionals="43" coveredconditionals="43" methods="7" coveredmethods="7"/>
        <line num="26" count="7" type="stmt"/>
        <line num="27" count="7" type="stmt"/>
        <line num="28" count="7" type="stmt"/>
        <line num="29" count="7" type="stmt"/>
        <line num="30" count="7" type="stmt"/>
        <line num="31" count="22" type="stmt"/>
        <line num="33" count="7" type="stmt"/>
        <line num="45" count="9" type="stmt"/>
        <line num="46" count="9" type="stmt"/>
        <line num="47" count="9" type="cond" truecount="4" falsecount="0"/>
        <line num="48" count="8" type="stmt"/>
        <line num="49" count="9" type="stmt"/>
        <line num="50" count="9" type="cond" truecount="6" falsecount="0"/>
        <line num="51" count="2" type="stmt"/>
        <line num="53" count="6" type="stmt"/>
        <line num="54" count="7" type="cond" truecount="2" falsecount="0"/>
        <line num="55" count="1" type="stmt"/>
        <line num="56" count="6" type="stmt"/>
        <line num="68" count="8" type="cond" truecount="2" falsecount="0"/>
        <line num="70" count="6" type="stmt"/>
        <line num="71" count="6" type="stmt"/>
        <line num="73" count="1" type="stmt"/>
        <line num="75" count="5" type="cond" truecount="4" falsecount="0"/>
        <line num="76" count="4" type="stmt"/>
        <line num="77" count="4" type="stmt"/>
        <line num="78" count="4" type="cond" truecount="4" falsecount="0"/>
        <line num="79" count="3" type="cond" truecount="2" falsecount="0"/>
        <line num="80" count="8" type="stmt"/>
        <line num="81" count="8" type="cond" truecount="4" falsecount="0"/>
        <line num="82" count="8" type="cond" truecount="2" falsecount="0"/>
        <line num="83" count="8" type="cond" truecount="2" falsecount="0"/>
        <line num="93" count="23" type="cond" truecount="2" falsecount="0"/>
        <line num="94" count="20" type="cond" truecount="5" falsecount="0"/>
        <line num="95" count="6" type="stmt"/>
        <line num="100" count="9" type="stmt"/>
      </file>
      <file name="relativeTime.ts" path="/home/richard/experiments/fairteilerac/frontend/src/lib/relativeTime.ts">
        <metrics statements="14" coveredstatements="14" conditionals="18" coveredconditionals="17" methods="2" coveredmethods="2"/>
        <line num="5" count="82" type="cond" truecount="2" falsecount="0"/>
        <line num="6" count="81" type="stmt"/>
        <line num="7" count="81" type="cond" truecount="2" falsecount="0"/>
        <line num="9" count="80" type="stmt"/>
        <line num="10" count="80" type="stmt"/>
        <line num="12" count="80" type="cond" truecount="2" falsecount="0"/>
        <line num="13" count="77" type="cond" truecount="2" falsecount="0"/>
        <line num="15" count="22" type="stmt"/>
        <line num="16" count="22" type="cond" truecount="2" falsecount="0"/>
        <line num="18" count="2" type="cond" truecount="2" falsecount="0"/>
        <line num="20" count="1" type="stmt"/>
        <line num="21" count="1" type="cond" truecount="1" falsecount="1"/>
        <line num="25" count="2" type="stmt"/>
        <line num="26" count="2" type="stmt"/>
      </file>
      <file name="sort.ts" path="/home/richard/experiments/fairteilerac/frontend/src/lib/sort.ts">
        <metrics statements="14" coveredstatements="14" conditionals="10" coveredconditionals="10" methods="9" coveredmethods="9"/>
        <line num="6" count="6" type="stmt"/>
        <line num="9" count="602" type="stmt"/>
        <line num="17" count="60" type="stmt"/>
        <line num="18" count="66" type="cond" truecount="2" falsecount="0"/>
        <line num="19" count="66" type="cond" truecount="2" falsecount="0"/>
        <line num="20" count="66" type="cond" truecount="2" falsecount="0"/>
        <line num="21" count="43" type="stmt"/>
        <line num="30" count="7" type="stmt"/>
        <line num="35" count="7" type="stmt"/>
        <line num="36" count="32" type="stmt"/>
        <line num="37" count="32" type="cond" truecount="2" falsecount="0"/>
        <line num="38" count="22" type="stmt"/>
        <line num="39" count="22" type="cond" truecount="2" falsecount="0"/>
        <line num="41" count="16" type="stmt"/>
      </file>
      <file name="status.ts" path="/home/richard/experiments/fairteilerac/frontend/src/lib/status.ts">
        <metrics statements="3" coveredstatements="3" conditionals="2" coveredconditionals="2" methods="1" coveredmethods="1"/>
        <line num="13" count="4" type="stmt"/>
        <line num="20" count="220" type="cond" truecount="2" falsecount="0"/>
        <line num="21" count="220" type="stmt"/>
      </file>
      <file name="text.ts" path="/home/richard/experiments/fairteilerac/frontend/src/lib/text.ts">
        <metrics statements="1" coveredstatements="1" conditionals="0" coveredconditionals="0" methods="1" coveredmethods="1"/>
        <line num="5" count="25" type="stmt"/>
      </file>
    </package>
    <package name="src.views">
      <metrics statements="547" coveredstatements="522" conditionals="411" coveredconditionals="350" methods="133" coveredmethods="124"/>
      <file name="AktivitaetView.vue" path="/home/richard/experiments/fairteilerac/frontend/src/views/AktivitaetView.vue">
        <metrics statements="83" coveredstatements="76" conditionals="53" coveredconditionals="47" methods="21" coveredmethods="18"/>
        <line num="21" count="9" type="stmt"/>
        <line num="23" count="9" type="stmt"/>
        <line num="24" count="9" type="stmt"/>
        <line num="25" count="9" type="stmt"/>
        <line num="27" count="9" type="stmt"/>
        <line num="28" count="9" type="stmt"/>
        <line num="29" count="9" type="stmt"/>
        <line num="30" count="9" type="stmt"/>
        <line num="32" count="9" type="stmt"/>
        <line num="33" count="18" type="stmt"/>
        <line num="34" count="14" type="stmt"/>
        <line num="36" count="9" type="stmt"/>
        <line num="37" count="9" type="cond" truecount="2" falsecount="0"/>
        <line num="38" count="8" type="stmt"/>
        <line num="42" count="9" type="stmt"/>
        <line num="43" count="9" type="stmt"/>
        <line num="44" count="9" type="stmt"/>
        <line num="45" count="9" type="stmt"/>
        <line num="46" count="9" type="stmt"/>
        <line num="47" count="9" type="stmt"/>
        <line num="49" count="0" type="stmt"/>
        <line num="50" count="8" type="stmt"/>
        <line num="52" count="9" type="stmt"/>
        <line num="53" count="9" type="stmt"/>
        <line num="54" count="9" type="stmt"/>
        <line num="56" count="0" type="stmt"/>
        <line num="60" count="9" type="stmt"/>
        <line num="63" count="164" type="stmt"/>
        <line num="68" count="5" type="stmt"/>
        <line num="69" count="5" type="cond" truecount="1" falsecount="1"/>
        <line num="70" count="5" type="stmt"/>
        <line num="71" count="5" type="cond" truecount="2" falsecount="0"/>
        <line num="72" count="1" type="stmt"/>
        <line num="73" count="1" type="stmt"/>
        <line num="77" count="4" type="stmt"/>
        <line num="79" count="4" type="stmt"/>
        <line num="81" count="4" type="cond" truecount="1" falsecount="1"/>
        <line num="82" count="0" type="stmt"/>
        <line num="83" count="0" type="stmt"/>
        <line num="85" count="4" type="stmt"/>
        <line num="86" count="4" type="cond" truecount="2" falsecount="0"/>
        <line num="87" count="2" type="stmt"/>
        <line num="92" count="4" type="stmt"/>
        <line num="97" count="4" type="cond" truecount="1" falsecount="1"/>
        <line num="98" count="0" type="stmt"/>
        <line num="99" count="0" type="stmt"/>
        <line num="101" count="4" type="stmt"/>
        <line num="102" count="3" type="stmt"/>
        <line num="106" count="5" type="cond" truecount="3" falsecount="1"/>
        <line num="107" count="5" type="stmt"/>
        <line num="108" count="5" type="stmt"/>
        <line num="109" count="5" type="stmt"/>
        <line num="110" count="5" type="stmt"/>
        <line num="111" count="5" type="stmt"/>
        <line num="112" count="4" type="cond" truecount="2" falsecount="0"/>
        <line num="113" count="1" type="stmt"/>
        <line num="114" count="1" type="stmt"/>
        <line num="116" count="3" type="stmt"/>
        <line num="118" count="1" type="stmt"/>
        <line num="119" count="1" type="stmt"/>
        <line num="121" count="5" type="stmt"/>
        <line num="126" count="4" type="stmt"/>
        <line num="127" count="4" type="stmt"/>
        <line num="129" count="4" type="cond" truecount="2" falsecount="0"/>
        <line num="130" count="1" type="stmt"/>
        <line num="134" count="2" type="stmt"/>
        <line num="140" count="1" type="stmt"/>
        <line num="141" count="1" type="stmt"/>
        <line num="143" count="1" type="stmt"/>
        <line num="146" count="0" type="stmt"/>
        <line num="153" count="29" type="stmt"/>
        <line num="154" count="1" type="stmt"/>
        <line num="155" count="1" type="stmt"/>
        <line num="156" count="1" type="stmt"/>
        <line num="167" count="1" type="stmt"/>
        <line num="187" count="40" type="stmt"/>
        <line num="192" count="1" type="stmt"/>
        <line num="194" count="1" type="stmt"/>
        <line num="205" count="4" type="stmt"/>
        <line num="213" count="1" type="stmt"/>
        <line num="217" count="1" type="stmt"/>
        <line num="218" count="1" type="stmt"/>
        <line num="219" count="1" type="stmt"/>
      </file>
      <file name="DatenschutzView.vue" path="/home/richard/experiments/fairteilerac/frontend/src/views/DatenschutzView.vue">
        <metrics statements="2" coveredstatements="2" conditionals="2" coveredconditionals="2" methods="1" coveredmethods="1"/>
        <line num="8" count="1" type="stmt"/>
        <line num="9" count="1" type="cond" truecount="2" falsecount="0"/>
      </file>
      <file name="DetailView.vue" path="/home/richard/experiments/fairteilerac/frontend/src/views/DetailView.vue">
        <metrics statements="118" coveredstatements="113" conditionals="132" coveredconditionals="104" methods="26" coveredmethods="24"/>
        <line num="22" count="22" type="stmt"/>
        <line num="24" count="22" type="stmt"/>
        <line num="25" count="22" type="stmt"/>
        <line num="27" count="22" type="stmt"/>
        <line num="28" count="22" type="stmt"/>
        <line num="29" count="22" type="stmt"/>
        <line num="31" count="22" type="stmt"/>
        <line num="32" count="46" type="stmt"/>
        <line num="35" count="22" type="stmt"/>
        <line num="38" count="23" type="stmt"/>
        <line num="39" count="23" type="stmt"/>
        <line num="40" count="23" type="cond" truecount="4" falsecount="0"/>
        <line num="41" count="1" type="stmt"/>
        <line num="42" count="1" type="stmt"/>
        <line num="44" count="22" type="stmt"/>
        <line num="45" count="22" type="stmt"/>
        <line num="47" count="2" type="stmt"/>
        <line num="54" count="22" type="stmt"/>
        <line num="55" count="22" type="stmt"/>
        <line num="57" count="22" type="stmt"/>
        <line num="58" count="20" type="cond" truecount="1" falsecount="1"/>
        <line num="59" count="20" type="stmt"/>
        <line num="60" count="20" type="stmt"/>
        <line num="63" count="22" type="stmt"/>
        <line num="64" count="20" type="cond" truecount="1" falsecount="1"/>
        <line num="65" count="20" type="stmt"/>
        <line num="66" count="20" type="cond" truecount="1" falsecount="1"/>
        <line num="67" count="0" type="stmt"/>
        <line num="70" count="22" type="stmt"/>
        <line num="71" count="20" type="cond" truecount="1" falsecount="1"/>
        <line num="76" count="22" type="stmt"/>
        <line num="78" count="22" type="stmt"/>
        <line num="79" count="19" type="stmt"/>
        <line num="80" count="19" type="stmt"/>
        <line num="81" count="19" type="stmt"/>
        <line num="82" count="114" type="stmt"/>
        <line num="84" count="114" type="stmt"/>
        <line num="86" count="19" type="stmt"/>
        <line num="87" count="19" type="stmt"/>
        <line num="90" count="1" type="stmt"/>
        <line num="91" count="1" type="stmt"/>
        <line num="94" count="161" type="stmt"/>
        <line num="95" count="161" type="cond" truecount="1" falsecount="1"/>
        <line num="96" count="0" type="stmt"/>
        <line num="100" count="35" type="stmt"/>
        <line num="101" count="35" type="stmt"/>
        <line num="102" count="35" type="cond" truecount="2" falsecount="0"/>
        <line num="105" count="22" type="stmt"/>
        <line num="108" count="37" type="cond" truecount="2" falsecount="0"/>
        <line num="112" count="2" type="stmt"/>
        <line num="113" count="2" type="cond" truecount="3" falsecount="1"/>
        <line num="114" count="2" type="stmt"/>
        <line num="115" count="2" type="stmt"/>
        <line num="116" count="2" type="stmt"/>
        <line num="117" count="1" type="stmt"/>
        <line num="118" count="1" type="stmt"/>
        <line num="119" count="1" type="stmt"/>
        <line num="121" count="1" type="stmt"/>
        <line num="127" count="2" type="stmt"/>
        <line num="131" count="22" type="stmt"/>
        <line num="132" count="20" type="cond" truecount="4" falsecount="0"/>
        <line num="134" count="1" type="stmt"/>
        <line num="136" count="1" type="stmt"/>
        <line num="138" count="1" type="stmt"/>
        <line num="140" count="17" type="stmt"/>
        <line num="145" count="24" type="cond" truecount="2" falsecount="0"/>
        <line num="149" count="21" type="stmt"/>
        <line num="156" count="22" type="cond" truecount="2" falsecount="0"/>
        <line num="159" count="2" type="cond" truecount="1" falsecount="1"/>
        <line num="160" count="2" type="stmt"/>
        <line num="161" count="2" type="cond" truecount="2" falsecount="0"/>
        <line num="162" count="1" type="stmt"/>
        <line num="163" count="1" type="stmt"/>
        <line num="167" count="1" type="stmt"/>
        <line num="169" count="1" type="stmt"/>
        <line num="170" count="1" type="stmt"/>
        <line num="171" count="1" type="stmt"/>
        <line num="178" count="22" type="stmt"/>
        <line num="179" count="20" type="cond" truecount="4" falsecount="0"/>
        <line num="180" count="1" type="stmt"/>
        <line num="183" count="22" type="stmt"/>
        <line num="185" count="22" type="stmt"/>
        <line num="186" count="20" type="cond" truecount="1" falsecount="1"/>
        <line num="192" count="0" type="cond" truecount="0" falsecount="2"/>
        <line num="193" count="0" type="stmt"/>
        <line num="198" count="49" type="stmt"/>
        <line num="200" count="1" type="stmt"/>
        <line num="239" count="1" type="stmt"/>
        <line num="244" count="1" type="stmt"/>
        <line num="248" count="1" type="stmt"/>
        <line num="261" count="1" type="stmt"/>
        <line num="262" count="1" type="stmt"/>
        <line num="263" count="1" type="stmt"/>
        <line num="264" count="1" type="stmt"/>
        <line num="269" count="1" type="stmt"/>
        <line num="290" count="1" type="stmt"/>
        <line num="292" count="1" type="stmt"/>
        <line num="295" count="0" type="stmt"/>
        <line num="304" count="1" type="stmt"/>
        <line num="305" count="1" type="stmt"/>
        <line num="306" count="1" type="stmt"/>
        <line num="308" count="1" type="stmt"/>
        <line num="309" count="161" type="stmt"/>
        <line num="332" count="1" type="stmt"/>
        <line num="333" count="1" type="stmt"/>
        <line num="334" count="7" type="stmt"/>
        <line num="344" count="2" type="stmt"/>
        <line num="346" count="1" type="stmt"/>
        <line num="356" count="1" type="stmt"/>
        <line num="388" count="1" type="stmt"/>
        <line num="389" count="1" type="stmt"/>
        <line num="393" count="35" type="stmt"/>
        <line num="416" count="1" type="stmt"/>
        <line num="417" count="1" type="stmt"/>
        <line num="418" count="1" type="stmt"/>
        <line num="425" count="2" type="stmt"/>
        <line num="434" count="1" type="stmt"/>
        <line num="450" count="20" type="stmt"/>
      </file>
      <file name="EinstellungenView.vue" path="/home/richard/experiments/fairteilerac/frontend/src/views/EinstellungenView.vue">
        <metrics statements="39" coveredstatements="37" conditionals="14" coveredconditionals="14" methods="6" coveredmethods="5"/>
        <line num="12" count="6" type="stmt"/>
        <line num="14" count="6" type="stmt"/>
        <line num="17" count="0" type="stmt"/>
        <line num="18" count="0" type="stmt"/>
        <line num="21" count="6" type="stmt"/>
        <line num="22" count="6" type="stmt"/>
        <line num="25" count="1" type="stmt"/>
        <line num="26" count="1" type="stmt"/>
        <line num="30" count="3" type="cond" truecount="2" falsecount="0"/>
        <line num="31" count="2" type="stmt"/>
        <line num="32" count="2" type="stmt"/>
        <line num="34" count="1" type="stmt"/>
        <line num="35" count="1" type="stmt"/>
        <line num="36" count="1" type="stmt"/>
        <line num="37" count="1" type="stmt"/>
        <line num="38" count="1" type="stmt"/>
        <line num="42" count="1" type="stmt"/>
        <line num="47" count="11" type="stmt"/>
        <line num="48" count="1" type="stmt"/>
        <line num="49" count="1" type="stmt"/>
        <line num="50" count="1" type="stmt"/>
        <line num="53" count="1" type="stmt"/>
        <line num="54" count="1" type="stmt"/>
        <line num="59" count="1" type="stmt"/>
        <line num="60" count="1" type="stmt"/>
        <line num="69" count="99" type="stmt"/>
        <line num="75" count="1" type="stmt"/>
        <line num="80" count="1" type="stmt"/>
        <line num="81" count="1" type="stmt"/>
        <line num="82" count="1" type="stmt"/>
        <line num="101" count="6" type="stmt"/>
        <line num="102" count="1" type="stmt"/>
        <line num="103" count="1" type="stmt"/>
        <line num="104" count="1" type="stmt"/>
        <line num="112" count="1" type="stmt"/>
        <line num="113" count="1" type="stmt"/>
        <line num="121" count="1" type="stmt"/>
        <line num="130" count="1" type="stmt"/>
        <line num="134" count="1" type="stmt"/>
      </file>
      <file name="ImpressumView.vue" path="/home/richard/experiments/fairteilerac/frontend/src/views/ImpressumView.vue">
        <metrics statements="2" coveredstatements="2" conditionals="2" coveredconditionals="2" methods="1" coveredmethods="1"/>
        <line num="8" count="1" type="stmt"/>
        <line num="9" count="1" type="cond" truecount="2" falsecount="0"/>
      </file>
      <file name="KarteView.vue" path="/home/richard/experiments/fairteilerac/frontend/src/views/KarteView.vue">
        <metrics statements="111" coveredstatements="107" conditionals="59" coveredconditionals="50" methods="25" coveredmethods="24"/>
        <line num="24" count="1" type="stmt"/>
        <line num="26" count="1" type="stmt"/>
        <line num="28" count="8" type="stmt"/>
        <line num="29" count="8" type="stmt"/>
        <line num="30" count="8" type="stmt"/>
        <line num="32" count="8" type="stmt"/>
        <line num="33" count="8" type="stmt"/>
        <line num="35" count="8" type="stmt"/>
        <line num="36" count="8" type="stmt"/>
        <line num="37" count="8" type="stmt"/>
        <line num="39" count="8" type="stmt"/>
        <line num="40" count="8" type="stmt"/>
        <line num="41" count="8" type="stmt"/>
        <line num="42" count="8" type="stmt"/>
        <line num="44" count="8" type="stmt"/>
        <line num="45" count="18" type="cond" truecount="2" falsecount="0"/>
        <line num="48" count="8" type="stmt"/>
        <line num="49" count="16" type="stmt"/>
        <line num="52" count="8" type="stmt"/>
        <line num="53" count="24" type="cond" truecount="1" falsecount="1"/>
        <line num="56" count="8" type="stmt"/>
        <line num="57" count="12" type="cond" truecount="2" falsecount="0"/>
        <line num="58" count="2" type="stmt"/>
        <line num="59" count="2" type="stmt"/>
        <line num="60" count="8" type="stmt"/>
        <line num="63" count="10" type="stmt"/>
        <line num="66" count="12" type="stmt"/>
        <line num="69" count="8" type="stmt"/>
        <line num="70" count="8" type="stmt"/>
        <line num="71" count="8" type="stmt"/>
        <line num="72" count="8" type="stmt"/>
        <line num="73" count="8" type="stmt"/>
        <line num="74" count="8" type="stmt"/>
        <line num="76" count="0" type="stmt"/>
        <line num="80" count="8" type="stmt"/>
        <line num="81" count="8" type="stmt"/>
        <line num="82" count="8" type="cond" truecount="4" falsecount="0"/>
        <line num="85" count="8" type="stmt"/>
        <line num="86" count="8" type="stmt"/>
        <line num="87" count="8" type="stmt"/>
        <line num="88" count="8" type="stmt"/>
        <line num="89" count="8" type="stmt"/>
        <line num="93" count="8" type="cond" truecount="4" falsecount="1"/>
        <line num="94" count="8" type="stmt"/>
        <line num="95" count="8" type="stmt"/>
        <line num="96" count="8" type="stmt"/>
        <line num="97" count="8" type="stmt"/>
        <line num="98" count="24" type="stmt"/>
        <line num="100" count="8" type="stmt"/>
        <line num="101" count="8" type="stmt"/>
        <line num="105" count="18" type="cond" truecount="4" falsecount="0"/>
        <line num="106" count="10" type="stmt"/>
        <line num="107" count="10" type="stmt"/>
        <line num="108" count="25" type="stmt"/>
        <line num="109" count="25" type="stmt"/>
        <line num="118" count="25" type="stmt"/>
        <line num="124" count="25" type="stmt"/>
        <line num="125" count="25" type="stmt"/>
        <line num="129" count="25" type="stmt"/>
        <line num="130" count="25" type="stmt"/>
        <line num="132" count="25" type="stmt"/>
        <line num="133" count="25" type="cond" truecount="1" falsecount="1"/>
        <line num="134" count="25" type="stmt"/>
        <line num="135" count="25" type="stmt"/>
        <line num="136" count="25" type="stmt"/>
        <line num="141" count="8" type="stmt"/>
        <line num="144" count="2" type="cond" truecount="3" falsecount="1"/>
        <line num="145" count="2" type="stmt"/>
        <line num="146" count="2" type="stmt"/>
        <line num="157" count="40" type="cond" truecount="2" falsecount="0"/>
        <line num="158" count="12" type="stmt"/>
        <line num="162" count="34" type="stmt"/>
        <line num="163" count="34" type="stmt"/>
        <line num="164" count="34" type="cond" truecount="2" falsecount="0"/>
        <line num="165" count="23" type="stmt"/>
        <line num="166" count="23" type="stmt"/>
        <line num="167" count="23" type="cond" truecount="2" falsecount="0"/>
        <line num="169" count="34" type="stmt"/>
        <line num="170" count="34" type="cond" truecount="1" falsecount="1"/>
        <line num="171" count="34" type="stmt"/>
        <line num="175" count="1" type="stmt"/>
        <line num="179" count="3" type="stmt"/>
        <line num="180" count="3" type="cond" truecount="1" falsecount="1"/>
        <line num="181" count="0" type="stmt"/>
        <line num="182" count="0" type="stmt"/>
        <line num="184" count="3" type="stmt"/>
        <line num="185" count="3" type="stmt"/>
        <line num="187" count="2" type="stmt"/>
        <line num="188" count="2" type="stmt"/>
        <line num="192" count="2" type="stmt"/>
        <line num="195" count="1" type="stmt"/>
        <line num="196" count="1" type="stmt"/>
        <line num="204" count="21" type="stmt"/>
        <line num="205" count="1" type="stmt"/>
        <line num="206" count="1" type="stmt"/>
        <line num="210" count="1" type="stmt"/>
        <line num="211" count="1" type="stmt"/>
        <line num="216" count="1" type="stmt"/>
        <line num="232" count="1" type="stmt"/>
        <line num="238" count="1" type="stmt"/>
        <line num="242" count="24" type="stmt"/>
        <line num="244" count="1" type="stmt"/>
        <line num="257" count="1" type="stmt"/>
        <line num="258" count="1" type="stmt"/>
        <line num="259" count="8" type="stmt"/>
        <line num="261" count="1" type="stmt"/>
        <line num="270" count="34" type="stmt"/>
        <line num="275" count="0" type="stmt"/>
        <line num="278" count="1" type="stmt"/>
        <line num="279" count="1" type="stmt"/>
        <line num="280" count="1" type="stmt"/>
      </file>
      <file name="ListeView.vue" path="/home/richard/experiments/fairteilerac/frontend/src/views/ListeView.vue">
        <metrics statements="56" coveredstatements="54" conditionals="44" coveredconditionals="36" methods="15" coveredmethods="15"/>
        <line num="22" count="11" type="stmt"/>
        <line num="23" count="11" type="stmt"/>
        <line num="24" count="11" type="stmt"/>
        <line num="26" count="11" type="stmt"/>
        <line num="27" count="11" type="stmt"/>
        <line num="28" count="11" type="stmt"/>
        <line num="29" count="11" type="stmt"/>
        <line num="31" count="11" type="stmt"/>
        <line num="32" count="22" type="stmt"/>
        <line num="35" count="11" type="stmt"/>
        <line num="37" count="11" type="stmt"/>
        <line num="38" count="50" type="cond" truecount="1" falsecount="1"/>
        <line num="39" count="50" type="stmt"/>
        <line num="40" count="50" type="cond" truecount="4" falsecount="0"/>
        <line num="41" count="5" type="stmt"/>
        <line num="43" count="45" type="cond" truecount="2" falsecount="0"/>
        <line num="44" count="39" type="stmt"/>
        <line num="47" count="11" type="stmt"/>
        <line num="48" count="21" type="cond" truecount="1" falsecount="1"/>
        <line num="51" count="11" type="stmt"/>
        <line num="58" count="73" type="cond" truecount="4" falsecount="0"/>
        <line num="59" count="6" type="stmt"/>
        <line num="63" count="3" type="stmt"/>
        <line num="64" count="3" type="cond" truecount="2" falsecount="0"/>
        <line num="65" count="2" type="stmt"/>
        <line num="66" count="2" type="stmt"/>
        <line num="67" count="2" type="cond" truecount="1" falsecount="1"/>
        <line num="68" count="2" type="stmt"/>
        <line num="70" count="1" type="stmt"/>
        <line num="71" count="1" type="stmt"/>
        <line num="76" count="2" type="cond" truecount="1" falsecount="1"/>
        <line num="77" count="0" type="stmt"/>
        <line num="78" count="0" type="stmt"/>
        <line num="80" count="2" type="stmt"/>
        <line num="81" count="2" type="stmt"/>
        <line num="83" count="1" type="stmt"/>
        <line num="84" count="1" type="stmt"/>
        <line num="90" count="1" type="stmt"/>
        <line num="91" count="1" type="stmt"/>
        <line num="98" count="1" type="stmt"/>
        <line num="99" count="1" type="stmt"/>
        <line num="100" count="1" type="stmt"/>
        <line num="104" count="11" type="stmt"/>
        <line num="105" count="11" type="stmt"/>
        <line num="106" count="11" type="stmt"/>
        <line num="107" count="11" type="stmt"/>
        <line num="109" count="1" type="stmt"/>
        <line num="113" count="11" type="stmt"/>
        <line num="114" count="11" type="stmt"/>
        <line num="116" count="11" type="cond" truecount="3" falsecount="2"/>
        <line num="121" count="62" type="stmt"/>
        <line num="122" count="1" type="stmt"/>
        <line num="123" count="1" type="stmt"/>
        <line num="129" count="186" type="stmt"/>
        <line num="138" count="3" type="stmt"/>
        <line num="167" count="73" type="stmt"/>
      </file>
      <file name="MehrView.vue" path="/home/richard/experiments/fairteilerac/frontend/src/views/MehrView.vue">
        <metrics statements="19" coveredstatements="19" conditionals="26" coveredconditionals="26" methods="5" coveredmethods="5"/>
        <line num="7" count="3" type="stmt"/>
        <line num="8" count="1" type="stmt"/>
        <line num="9" count="1" type="stmt"/>
        <line num="10" count="1" type="stmt"/>
        <line num="20" count="3" type="stmt"/>
        <line num="21" count="1" type="stmt"/>
        <line num="29" count="1" type="stmt"/>
        <line num="30" count="1" type="stmt"/>
        <line num="44" count="1" type="stmt"/>
        <line num="54" count="1" type="stmt"/>
        <line num="59" count="1" type="stmt"/>
        <line num="67" count="3" type="stmt"/>
        <line num="68" count="1" type="stmt"/>
        <line num="76" count="3" type="stmt"/>
        <line num="77" count="1" type="stmt"/>
        <line num="86" count="3" type="stmt"/>
        <line num="87" count="1" type="stmt"/>
        <line num="95" count="3" type="stmt"/>
        <line num="96" count="1" type="stmt"/>
      </file>
      <file name="MeldenView.vue" path="/home/richard/experiments/fairteilerac/frontend/src/views/MeldenView.vue">
        <metrics statements="78" coveredstatements="74" conditionals="71" coveredconditionals="63" methods="20" coveredmethods="18"/>
        <line num="16" count="11" type="stmt"/>
        <line num="17" count="11" type="stmt"/>
        <line num="19" count="11" type="stmt"/>
        <line num="20" count="11" type="stmt"/>
        <line num="22" count="11" type="stmt"/>
        <line num="23" count="11" type="stmt"/>
        <line num="24" count="11" type="stmt"/>
        <line num="26" count="11" type="stmt"/>
        <line num="27" count="11" type="stmt"/>
        <line num="29" count="11" type="stmt"/>
        <line num="36" count="11" type="stmt"/>
        <line num="42" count="11" type="stmt"/>
        <line num="43" count="13" type="cond" truecount="1" falsecount="1"/>
        <line num="47" count="11" type="stmt"/>
        <line num="48" count="11" type="stmt"/>
        <line num="49" count="11" type="stmt"/>
        <line num="50" count="11" type="stmt"/>
        <line num="51" count="11" type="stmt"/>
        <line num="52" count="14" type="stmt"/>
        <line num="53" count="11" type="cond" truecount="2" falsecount="1"/>
        <line num="55" count="0" type="stmt"/>
        <line num="59" count="11" type="stmt"/>
        <line num="62" count="4" type="stmt"/>
        <line num="63" count="4" type="stmt"/>
        <line num="67" count="4" type="cond" truecount="2" falsecount="0"/>
        <line num="68" count="2" type="stmt"/>
        <line num="70" count="3" type="stmt"/>
        <line num="75" count="2" type="stmt"/>
        <line num="76" count="2" type="stmt"/>
        <line num="77" count="1" type="stmt"/>
        <line num="78" count="1" type="stmt"/>
        <line num="80" count="1" type="stmt"/>
        <line num="89" count="7" type="cond" truecount="3" falsecount="1"/>
        <line num="90" count="7" type="stmt"/>
        <line num="91" count="7" type="stmt"/>
        <line num="92" count="7" type="stmt"/>
        <line num="93" count="7" type="stmt"/>
        <line num="94" count="7" type="stmt"/>
        <line num="98" count="5" type="stmt"/>
        <line num="103" count="5" type="stmt"/>
        <line num="106" count="2" type="stmt"/>
        <line num="108" count="5" type="stmt"/>
        <line num="110" count="2" type="cond" truecount="2" falsecount="0"/>
        <line num="111" count="1" type="stmt"/>
        <line num="113" count="1" type="stmt"/>
        <line num="116" count="7" type="stmt"/>
        <line num="121" count="0" type="cond" truecount="0" falsecount="2"/>
        <line num="122" count="0" type="stmt"/>
        <line num="127" count="44" type="stmt"/>
        <line num="129" count="1" type="stmt"/>
        <line num="130" count="1" type="stmt"/>
        <line num="136" count="1" type="stmt"/>
        <line num="151" count="1" type="stmt"/>
        <line num="152" count="1" type="stmt"/>
        <line num="153" count="0" type="cond" truecount="2" falsecount="0"/>
        <line num="154" count="66" type="stmt"/>
        <line num="166" count="1" type="stmt"/>
        <line num="167" count="1" type="stmt"/>
        <line num="168" count="99" type="stmt"/>
        <line num="176" count="2" type="stmt"/>
        <line num="190" count="1" type="stmt"/>
        <line num="191" count="1" type="stmt"/>
        <line num="201" count="1" type="stmt"/>
        <line num="202" count="1" type="stmt"/>
        <line num="203" count="99" type="stmt"/>
        <line num="211" count="2" type="stmt"/>
        <line num="213" count="1" type="stmt"/>
        <line num="225" count="1" type="stmt"/>
        <line num="235" count="1" type="stmt"/>
        <line num="236" count="1" type="stmt"/>
        <line num="237" count="1" type="stmt"/>
        <line num="239" count="1" type="stmt"/>
        <line num="240" count="182" type="stmt"/>
        <line num="246" count="4" type="stmt"/>
        <line num="253" count="1" type="stmt"/>
        <line num="255" count="11" type="stmt"/>
        <line num="260" count="1" type="stmt"/>
        <line num="270" count="1" type="stmt"/>
      </file>
      <file name="RegelnView.vue" path="/home/richard/experiments/fairteilerac/frontend/src/views/RegelnView.vue">
        <metrics statements="3" coveredstatements="3" conditionals="0" coveredconditionals="0" methods="1" coveredmethods="1"/>
        <line num="7" count="1" type="stmt"/>
        <line num="8" count="1" type="stmt"/>
        <line num="36" count="1" type="stmt"/>
      </file>
      <file name="StatistikView.vue" path="/home/richard/experiments/fairteilerac/frontend/src/views/StatistikView.vue">
        <metrics statements="36" coveredstatements="35" conditionals="8" coveredconditionals="6" methods="12" coveredmethods="12"/>
        <line num="9" count="4" type="stmt"/>
        <line num="11" count="4" type="stmt"/>
        <line num="12" count="4" type="stmt"/>
        <line num="14" count="4" type="stmt"/>
        <line num="15" count="4" type="stmt"/>
        <line num="16" count="4" type="stmt"/>
        <line num="18" count="1" type="stmt"/>
        <line num="24" count="42" type="stmt"/>
        <line num="25" count="42" type="stmt"/>
        <line num="26" count="42" type="stmt"/>
        <line num="31" count="0" type="stmt"/>
        <line num="35" count="4" type="cond" truecount="1" falsecount="1"/>
        <line num="36" count="42" type="stmt"/>
        <line num="37" count="42" type="stmt"/>
        <line num="38" count="42" type="stmt"/>
        <line num="42" count="8" type="stmt"/>
        <line num="43" count="1" type="stmt"/>
        <line num="44" count="1" type="stmt"/>
        <line num="45" count="1" type="stmt"/>
        <line num="48" count="4" type="stmt"/>
        <line num="60" count="1" type="stmt"/>
        <line num="61" count="1" type="stmt"/>
        <line num="62" count="1" type="stmt"/>
        <line num="64" count="1" type="stmt"/>
        <line num="65" count="1" type="stmt"/>
        <line num="66" count="1" type="stmt"/>
        <line num="68" count="1" type="stmt"/>
        <line num="69" count="1" type="stmt"/>
        <line num="70" count="1" type="stmt"/>
        <line num="76" count="1" type="stmt"/>
        <line num="77" count="1" type="stmt"/>
        <line num="83" count="1" type="stmt"/>
        <line num="84" count="1" type="stmt"/>
        <line num="89" count="1" type="stmt"/>
        <line num="94" count="12" type="stmt"/>
        <line num="99" count="8" type="stmt"/>
      </file>
    </package>
    <package name="tests">
      <metrics statements="3" coveredstatements="3" conditionals="3" coveredconditionals="3" methods="3" coveredmethods="3"/>
      <file name="fixtures.ts" path="/home/richard/experiments/fairteilerac/frontend/tests/fixtures.ts">
        <metrics statements="3" coveredstatements="3" conditionals="3" coveredconditionals="3" methods="3" coveredmethods="3"/>
        <line num="6" count="61" type="stmt"/>
        <line num="25" count="9" type="stmt"/>
        <line num="38" count="87" type="stmt"/>
      </file>
    </package>
  </project>
</coverage>
