{"/home/richard/experiments/fairteilerac/frontend/src/App.vue": {"path":"/home/richard/experiments/fairteilerac/frontend/src/App.vue","statementMap":{},"fnMap":{},"branchMap":{},"s":{},"f":{},"b":{},"meta":{"lastBranch":0,"lastFunction":0,"lastStatement":0,"seen":{},"fnNames":{}}}
,"/home/richard/experiments/fairteilerac/frontend/src/components/ActivityBars.vue": {"path":"/home/richard/experiments/fairteilerac/frontend/src/components/ActivityBars.vue","statementMap":{"0":{"start":{"line":14,"column":16},"end":{"line":14,"column":null}},"1":{"start":{"line":5,"column":14},"end":{"line":5,"column":null}},"2":{"start":{"line":16,"column":16},"end":{"line":21,"column":null}},"3":{"start":{"line":17,"column":14},"end":{"line":17,"column":null}},"4":{"start":{"line":18,"column":2},"end":{"line":20,"column":null}},"5":{"start":{"line":19,"column":4},"end":{"line":19,"column":null}},"6":{"start":{"line":25,"column":2},"end":{"line":37,"column":null}},"7":{"start":{"line":31,"column":4},"end":{"line":37,"column":null}}},"fnMap":{"0":{"name":"(anonymous_0)","decl":{"start":{"line":16,"column":16},"end":{"line":16,"column":31}},"loc":{"start":{"line":16,"column":31},"end":{"line":21,"column":1}},"line":16},"1":{"name":"(anonymous_1)","decl":{"start":{"line":18,"column":20},"end":{"line":18,"column":25}},"loc":{"start":{"line":19,"column":4},"end":{"line":19,"column":null}},"line":19},"2":{"name":"(anonymous_2)","decl":{"start":{"line":32,"column":32},"end":{"line":32,"column":null}},"loc":{"start":{"line":32,"column":27},"end":{"line":37,"column":null}},"line":32}},"branchMap":{"0":{"loc":{"start":{"line":19,"column":4},"end":{"line":19,"column":null}},"type":"cond-expr","locations":[{"start":{"line":19,"column":14},"end":{"line":19,"column":79}},{"start":{"line":19,"column":79},"end":{"line":19,"column":null}}],"line":19}},"s":{"0":2,"1":62,"2":62,"3":62,"4":62,"5":434,"6":62,"7":434},"f":{"0":62,"1":434,"2":434},"b":{"0":[63,371]},"meta":{"lastBranch":0,"lastFunction":0,"lastStatement":0,"seen":{},"fnNames":{}}}
,"/home/richard/experiments/fairteilerac/frontend/src/components/AppToast.vue": {"path":"/home/richard/experiments/fairteilerac/frontend/src/components/AppToast.vue","statementMap":{"0":{"start":{"line":4,"column":14},"end":{"line":4,"column":23}},"1":{"start":{"line":7,"column":17},"end":{"line":7,"column":null}},"2":{"start":{"line":8,"column":2},"end":{"line":8,"column":null}},"3":{"start":{"line":9,"column":2},"end":{"line":9,"column":null}},"4":{"start":{"line":14,"column":2},"end":{"line":22,"column":null}}},"fnMap":{"0":{"name":"runAction","decl":{"start":{"line":6,"column":9},"end":{"line":6,"column":21}},"loc":{"start":{"line":6,"column":21},"end":{"line":10,"column":null}},"line":6}},"branchMap":{"0":{"loc":{"start":{"line":17,"column":12},"end":{"line":22,"column":null}},"type":"cond-expr","locations":[{"start":{"line":16,"column":4},"end":{"line":22,"column":null}},{"start":{"line":22,"column":27},"end":{"line":22,"column":null}}],"line":17}},"s":{"0":3,"1":1,"2":1,"3":1,"4":5},"f":{"0":1},"b":{"0":[1,4]},"meta":{"lastBranch":0,"lastFunction":0,"lastStatement":0,"seen":{},"fnNames":{}}}
,"/home/richard/experiments/fairteilerac/frontend/src/components/BarSeries.vue": {"path":"/home/richard/experiments/fairteilerac/frontend/src/components/BarSeries.vue","statementMap":{"0":{"start":{"line":19,"column":17},"end":{"line":19,"column":null}},"1":{"start":{"line":9,"column":14},"end":{"line":9,"column":null}},"2":{"start":{"line":21,"column":16},"end":{"line":27,"column":null}},"3":{"start":{"line":22,"column":14},"end":{"line":22,"column":null}},"4":{"start":{"line":23,"column":2},"end":{"line":26,"column":null}},"5":{"start":{"line":24,"column":4},"end":{"line":24,"column":null}},"6":{"start":{"line":24,"column":34},"end":{"line":24,"column":null}},"7":{"start":{"line":25,"column":4},"end":{"line":25,"column":null}},"8":{"start":{"line":29,"column":21},"end":{"line":32,"column":null}},"9":{"start":{"line":30,"column":15},"end":{"line":30,"column":null}},"10":{"start":{"line":31,"column":2},"end":{"line":31,"column":null}},"11":{"start":{"line":36,"column":2},"end":{"line":46,"column":69}},"12":{"start":{"line":37,"column":4},"end":{"line":46,"column":69}}},"fnMap":{"0":{"name":"(anonymous_0)","decl":{"start":{"line":21,"column":16},"end":{"line":21,"column":31}},"loc":{"start":{"line":21,"column":31},"end":{"line":27,"column":1}},"line":21},"1":{"name":"(anonymous_1)","decl":{"start":{"line":23,"column":22},"end":{"line":23,"column":27}},"loc":{"start":{"line":23,"column":37},"end":{"line":26,"column":3}},"line":23},"2":{"name":"(anonymous_2)","decl":{"start":{"line":29,"column":21},"end":{"line":29,"column":36}},"loc":{"start":{"line":29,"column":36},"end":{"line":32,"column":1}},"line":29},"3":{"name":"(anonymous_3)","decl":{"start":{"line":37,"column":34},"end":{"line":37,"column":43}},"loc":{"start":{"line":37,"column":29},"end":{"line":46,"column":69}},"line":37}},"branchMap":{"0":{"loc":{"start":{"line":24,"column":4},"end":{"line":24,"column":null}},"type":"if","locations":[{"start":{"line":24,"column":4},"end":{"line":24,"column":null}},{"start":{},"end":{}}],"line":24},"1":{"loc":{"start":{"line":24,"column":8},"end":{"line":24,"column":34}},"type":"binary-expr","locations":[{"start":{"line":24,"column":8},"end":{"line":24,"column":21}},{"start":{"line":24,"column":21},"end":{"line":24,"column":34}}],"line":24},"2":{"loc":{"start":{"line":38,"column":18},"end":{"line":38,"column":79}},"type":"cond-expr","locations":[{"start":{"line":38,"column":6},"end":{"line":38,"column":79}},{"start":{"line":38,"column":69},"end":{"line":38,"column":79}}],"line":38},"3":{"loc":{"start":{"line":46,"column":16},"end":{"line":46,"column":69}},"type":"cond-expr","locations":[{"start":{"line":46,"column":42},"end":{"line":46,"column":54}},{"start":{"line":46,"column":54},"end":{"line":46,"column":69}}],"line":46}},"s":{"0":1,"1":6,"2":6,"3":6,"4":6,"5":84,"6":14,"7":70,"8":6,"9":6,"10":6,"11":6,"12":84},"f":{"0":6,"1":84,"2":6,"3":84},"b":{"0":[14,70],"1":[84,70],"2":[6,78],"3":[18,66]},"meta":{"lastBranch":0,"lastFunction":0,"lastStatement":0,"seen":{},"fnNames":{}}}
,"/home/richard/experiments/fairteilerac/frontend/src/components/BottomNav.vue": {"path":"/home/richard/experiments/fairteilerac/frontend/src/components/BottomNav.vue","statementMap":{"0":{"start":{"line":6,"column":14},"end":{"line":6,"column":23}},"1":{"start":{"line":8,"column":15},"end":{"line":24,"column":null}},"2":{"start":{"line":9,"column":2},"end":{"line":9,"column":null}},"3":{"start":{"line":9,"column":26},"end":{"line":9,"column":null}},"4":{"start":{"line":10,"column":2},"end":{"line":10,"column":null}},"5":{"start":{"line":10,"column":79},"end":{"line":10,"column":null}},"6":{"start":{"line":11,"column":2},"end":{"line":11,"column":null}},"7":{"start":{"line":11,"column":44},"end":{"line":11,"column":null}},"8":{"start":{"line":12,"column":2},"end":{"line":12,"column":null}},"9":{"start":{"line":12,"column":40},"end":{"line":12,"column":null}},"10":{"start":{"line":13,"column":2},"end":{"line":22,"column":null}},"11":{"start":{"line":21,"column":4},"end":{"line":21,"column":null}},"12":{"start":{"line":23,"column":2},"end":{"line":23,"column":null}},"13":{"start":{"line":28,"column":2},"end":{"line":59,"column":38}},"14":{"start":{"line":33,"column":12},"end":{"line":34,"column":39}},"15":{"start":{"line":39,"column":12},"end":{"line":40,"column":39}},"16":{"start":{"line":45,"column":12},"end":{"line":44,"column":43}},"17":{"start":{"line":50,"column":12},"end":{"line":51,"column":44}},"18":{"start":{"line":58,"column":12},"end":{"line":59,"column":38}}},"fnMap":{"0":{"name":"(anonymous_0)","decl":{"start":{"line":8,"column":15},"end":{"line":8,"column":38}},"loc":{"start":{"line":8,"column":38},"end":{"line":24,"column":1}},"line":8},"1":{"name":"(anonymous_1)","decl":{"start":{"line":30,"column":6},"end":{"line":30,"column":11}},"loc":{"start":{"line":33,"column":12},"end":{"line":34,"column":39}},"line":33},"2":{"name":"(anonymous_2)","decl":{"start":{"line":37,"column":6},"end":{"line":37,"column":11}},"loc":{"start":{"line":39,"column":12},"end":{"line":40,"column":39}},"line":39},"3":{"name":"(anonymous_3)","decl":{"start":{"line":43,"column":6},"end":{"line":43,"column":11}},"loc":{"start":{"line":45,"column":12},"end":{"line":44,"column":43}},"line":45},"4":{"name":"(anonymous_4)","decl":{"start":{"line":48,"column":6},"end":{"line":48,"column":11}},"loc":{"start":{"line":50,"column":12},"end":{"line":51,"column":44}},"line":50},"5":{"name":"(anonymous_5)","decl":{"start":{"line":54,"column":6},"end":{"line":54,"column":11}},"loc":{"start":{"line":58,"column":12},"end":{"line":59,"column":38}},"line":58}},"branchMap":{"0":{"loc":{"start":{"line":9,"column":2},"end":{"line":9,"column":null}},"type":"if","locations":[{"start":{"line":9,"column":2},"end":{"line":9,"column":null}},{"start":{},"end":{}}],"line":9},"1":{"loc":{"start":{"line":10,"column":2},"end":{"line":10,"column":null}},"type":"if","locations":[{"start":{"line":10,"column":2},"end":{"line":10,"column":null}},{"start":{},"end":{}}],"line":10},"2":{"loc":{"start":{"line":10,"column":6},"end":{"line":10,"column":79}},"type":"binary-expr","locations":[{"start":{"line":10,"column":6},"end":{"line":10,"column":41}},{"start":{"line":10,"column":41},"end":{"line":10,"column":79}}],"line":10},"3":{"loc":{"start":{"line":11,"column":2},"end":{"line":11,"column":null}},"type":"if","locations":[{"start":{"line":11,"column":2},"end":{"line":11,"column":null}},{"start":{},"end":{}}],"line":11},"4":{"loc":{"start":{"line":12,"column":2},"end":{"line":12,"column":null}},"type":"if","locations":[{"start":{"line":12,"column":2},"end":{"line":12,"column":null}},{"start":{},"end":{}}],"line":12},"5":{"loc":{"start":{"line":13,"column":2},"end":{"line":22,"column":null}},"type":"if","locations":[{"start":{"line":13,"column":2},"end":{"line":22,"column":null}},{"start":{},"end":{}}],"line":13},"6":{"loc":{"start":{"line":14,"column":4},"end":{"line":19,"column":null}},"type":"binary-expr","locations":[{"start":{"line":14,"column":4},"end":{"line":14,"column":null}},{"start":{"line":15,"column":4},"end":{"line":15,"column":null}},{"start":{"line":16,"column":4},"end":{"line":16,"column":null}},{"start":{"line":17,"column":4},"end":{"line":17,"column":null}},{"start":{"line":18,"column":4},"end":{"line":18,"column":null}},{"start":{"line":19,"column":4},"end":{"line":19,"column":null}}],"line":14},"7":{"loc":{"start":{"line":30,"column":6},"end":{"line":34,"column":15}},"type":"binary-expr","locations":[{"start":{"line":30,"column":6},"end":{"line":30,"column":11}},{"start":{"line":30,"column":6},"end":{"line":34,"column":15}}],"line":30},"8":{"loc":{"start":{"line":37,"column":6},"end":{"line":40,"column":15}},"type":"binary-expr","locations":[{"start":{"line":37,"column":6},"end":{"line":37,"column":11}},{"start":{"line":37,"column":6},"end":{"line":40,"column":15}}],"line":37},"9":{"loc":{"start":{"line":45,"column":12},"end":{"line":44,"column":43}},"type":"binary-expr","locations":[{"start":{"line":45,"column":12},"end":{"line":45,"column":null}},{"start":{"line":45,"column":12},"end":{"line":44,"column":43}}],"line":45},"10":{"loc":{"start":{"line":48,"column":6},"end":{"line":51,"column":15}},"type":"binary-expr","locations":[{"start":{"line":48,"column":6},"end":{"line":48,"column":11}},{"start":{"line":48,"column":6},"end":{"line":51,"column":15}}],"line":48},"11":{"loc":{"start":{"line":54,"column":6},"end":{"line":59,"column":15}},"type":"binary-expr","locations":[{"start":{"line":54,"column":6},"end":{"line":54,"column":11}},{"start":{"line":54,"column":6},"end":{"line":59,"column":15}}],"line":54}},"s":{"0":15,"1":15,"2":15,"3":4,"4":11,"5":2,"6":9,"7":1,"8":8,"9":1,"10":7,"11":6,"12":1,"13":20,"14":20,"15":20,"16":20,"17":20,"18":20},"f":{"0":15,"1":20,"2":20,"3":20,"4":20,"5":20},"b":{"0":[4,11],"1":[2,9],"2":[11,10],"3":[1,8],"4":[1,7],"5":[6,1],"6":[7,6,5,4,3,2],"7":[20,15],"8":[20,15],"9":[20,15],"10":[20,15],"11":[20,15]},"meta":{"lastBranch":0,"lastFunction":0,"lastStatement":0,"seen":{},"fnNames":{}}}
,"/home/richard/experiments/fairteilerac/frontend/src/components/CareBadges.vue": {"path":"/home/richard/experiments/fairteilerac/frontend/src/components/CareBadges.vue","statementMap":{},"fnMap":{},"branchMap":{"0":{"loc":{"start":{"line":9,"column":14},"end":{"line":9,"column":90}},"type":"cond-expr","locations":[{"start":{"line":9,"column":2},"end":{"line":9,"column":90}},{"start":{"line":9,"column":58},"end":{"line":9,"column":90}}],"line":9},"1":{"loc":{"start":{"line":10,"column":14},"end":{"line":10,"column":95}},"type":"cond-expr","locations":[{"start":{"line":10,"column":2},"end":{"line":10,"column":95}},{"start":{"line":10,"column":60},"end":{"line":10,"column":95}}],"line":10}},"s":{},"f":{},"b":{"0":[4,74],"1":[4,74]},"meta":{"lastBranch":2,"lastFunction":0,"lastStatement":0,"seen":{"b:9:2:9:90:9:58:9:90":0,"b:10:2:10:95:10:60:10:95":1},"fnNames":{}}}
,"/home/richard/experiments/fairteilerac/frontend/src/components/FairteilerCard.vue": {"path":"/home/richard/experiments/fairteilerac/frontend/src/components/FairteilerCard.vue","statementMap":{"0":{"start":{"line":12,"column":14},"end":{"line":12,"column":null}},"1":{"start":{"line":14,"column":17},"end":{"line":20,"column":null}},"2":{"start":{"line":15,"column":21},"end":{"line":15,"column":null}},"3":{"start":{"line":16,"column":2},"end":{"line":16,"column":null}},"4":{"start":{"line":16,"column":28},"end":{"line":16,"column":null}},"5":{"start":{"line":17,"column":15},"end":{"line":17,"column":null}},"6":{"start":{"line":18,"column":15},"end":{"line":18,"column":null}},"7":{"start":{"line":19,"column":2},"end":{"line":19,"column":null}},"8":{"start":{"line":25,"column":10},"end":{"line":25,"column":null}},"9":{"start":{"line":26,"column":12},"end":{"line":26,"column":33}},"10":{"start":{"line":27,"column":12},"end":{"line":27,"column":null}},"11":{"start":{"line":32,"column":10},"end":{"line":32,"column":null}},"12":{"start":{"line":37,"column":10},"end":{"line":37,"column":null}},"13":{"start":{"line":38,"column":12},"end":{"line":38,"column":32}},"14":{"start":{"line":39,"column":12},"end":{"line":39,"column":null}},"15":{"start":{"line":41,"column":14},"end":{"line":41,"column":33}},"16":{"start":{"line":24,"column":2},"end":{"line":41,"column":66}},"17":{"start":{"line":31,"column":11},"end":{"line":41,"column":66}}},"fnMap":{"0":{"name":"(anonymous_0)","decl":{"start":{"line":14,"column":17},"end":{"line":14,"column":32}},"loc":{"start":{"line":14,"column":32},"end":{"line":20,"column":1}},"line":14},"1":{"name":"(anonymous_1)","decl":{"start":{"line":25,"column":4},"end":{"line":25,"column":10}},"loc":{"start":{"line":31,"column":11},"end":{"line":41,"column":66}},"line":31}},"branchMap":{"0":{"loc":{"start":{"line":16,"column":2},"end":{"line":16,"column":null}},"type":"if","locations":[{"start":{"line":16,"column":2},"end":{"line":16,"column":null}},{"start":{},"end":{}}],"line":16},"1":{"loc":{"start":{"line":19,"column":9},"end":{"line":19,"column":null}},"type":"cond-expr","locations":[{"start":{"line":19,"column":16},"end":{"line":19,"column":38}},{"start":{"line":19,"column":38},"end":{"line":19,"column":null}}],"line":19},"2":{"loc":{"start":{"line":34,"column":18},"end":{"line":34,"column":97}},"type":"cond-expr","locations":[{"start":{"line":34,"column":6},"end":{"line":34,"column":97}},{"start":{"line":34,"column":87},"end":{"line":34,"column":97}}],"line":34},"3":{"loc":{"start":{"line":35,"column":18},"end":{"line":35,"column":92}},"type":"cond-expr","locations":[{"start":{"line":35,"column":6},"end":{"line":35,"column":92}},{"start":{"line":35,"column":81},"end":{"line":35,"column":92}}],"line":35}},"s":{"0":58,"1":58,"2":58,"3":58,"4":44,"5":14,"6":14,"7":14,"8":1,"9":1,"10":1,"11":1,"12":1,"13":1,"14":1,"15":1,"16":60,"17":60},"f":{"0":58,"1":60},"b":{"0":[44,14],"1":[3,11],"2":[6,54],"3":[10,50]},"meta":{"lastBranch":0,"lastFunction":0,"lastStatement":0,"seen":{},"fnNames":{}}}
,"/home/richard/experiments/fairteilerac/frontend/src/components/FairteilerCardSkeleton.vue": {"path":"/home/richard/experiments/fairteilerac/frontend/src/components/FairteilerCardSkeleton.vue","statementMap":{"0":{"start":{"line":10,"column":9},"end":{"line":10,"column":null}},"1":{"start":{"line":15,"column":9},"end":{"line":15,"column":null}}},"fnMap":{},"branchMap":{},"s":{"0":1,"1":1},"f":{},"b":{},"meta":{"lastBranch":0,"lastFunction":0,"lastStatement":0,"seen":{},"fnNames":{}}}
,"/home/richard/experiments/fairteilerac/frontend/src/components/FilterChips.vue": {"path":"/home/richard/experiments/fairteilerac/frontend/src/components/FilterChips.vue","statementMap":{"0":{"start":{"line":6,"column":15},"end":{"line":6,"column":26}},"1":{"start":{"line":8,"column":71},"end":{"line":13,"column":null}},"2":{"start":{"line":16,"column":2},"end":{"line":16,"column":null}},"3":{"start":{"line":21,"column":2},"end":{"line":31,"column":null}},"4":{"start":{"line":22,"column":4},"end":{"line":31,"column":null}},"5":{"start":{"line":29,"column":14},"end":{"line":29,"column":null}}},"fnMap":{"0":{"name":"toggle","decl":{"start":{"line":15,"column":9},"end":{"line":15,"column":16}},"loc":{"start":{"line":15,"column":45},"end":{"line":17,"column":null}},"line":15},"1":{"name":"(anonymous_1)","decl":{"start":{"line":23,"column":21},"end":{"line":23,"column":null}},"loc":{"start":{"line":23,"column":17},"end":{"line":31,"column":null}},"line":23},"2":{"name":"(anonymous_2)","decl":{"start":{"line":29,"column":7},"end":{"line":29,"column":12}},"loc":{"start":{"line":29,"column":14},"end":{"line":29,"column":null}},"line":29}},"branchMap":{},"s":{"0":19,"1":19,"2":5,"3":69,"4":276,"5":5},"f":{"0":5,"1":276,"2":5},"b":{},"meta":{"lastBranch":0,"lastFunction":0,"lastStatement":0,"seen":{},"fnNames":{}}}
,"/home/richard/experiments/fairteilerac/frontend/src/components/InstallCard.vue": {"path":"/home/richard/experiments/fairteilerac/frontend/src/components/InstallCard.vue","statementMap":{"0":{"start":{"line":6,"column":25},"end":{"line":6,"column":42}},"1":{"start":{"line":8,"column":13},"end":{"line":8,"column":null}},"2":{"start":{"line":11,"column":2},"end":{"line":11,"column":null}},"3":{"start":{"line":11,"column":18},"end":{"line":11,"column":null}},"4":{"start":{"line":12,"column":2},"end":{"line":12,"column":null}},"5":{"start":{"line":13,"column":2},"end":{"line":17,"column":null}},"6":{"start":{"line":14,"column":4},"end":{"line":14,"column":null}},"7":{"start":{"line":16,"column":4},"end":{"line":16,"column":null}},"8":{"start":{"line":27,"column":9},"end":{"line":27,"column":null}},"9":{"start":{"line":32,"column":12},"end":{"line":32,"column":34}},"10":{"start":{"line":34,"column":7},"end":{"line":34,"column":26}},"11":{"start":{"line":23,"column":10},"end":{"line":55,"column":38}}},"fnMap":{"0":{"name":"onInstall","decl":{"start":{"line":10,"column":15},"end":{"line":10,"column":27}},"loc":{"start":{"line":10,"column":27},"end":{"line":18,"column":null}},"line":10}},"branchMap":{"0":{"loc":{"start":{"line":11,"column":2},"end":{"line":11,"column":null}},"type":"if","locations":[{"start":{"line":11,"column":2},"end":{"line":11,"column":null}},{"start":{},"end":{}}],"line":11},"1":{"loc":{"start":{"line":23,"column":10},"end":{"line":55,"column":38}},"type":"cond-expr","locations":[{"start":{"line":22,"column":2},"end":{"line":55,"column":38}}],"line":23},"2":{"loc":{"start":{"line":23,"column":10},"end":{"line":23,"column":null}},"type":"binary-expr","locations":[{"start":{"line":23,"column":10},"end":{"line":23,"column":35}},{"start":{"line":23,"column":35},"end":{"line":23,"column":null}}],"line":23},"3":{"loc":{"start":{"line":28,"column":6},"end":{"line":32,"column":12}},"type":"binary-expr","locations":[{"start":{"line":28,"column":6},"end":{"line":28,"column":11}},{"start":{"line":28,"column":6},"end":{"line":32,"column":12}}],"line":28},"4":{"loc":{"start":{"line":37,"column":12},"end":{"line":55,"column":38}},"type":"cond-expr","locations":[{"start":{"line":36,"column":4},"end":{"line":43,"column":null}},{"start":{"line":46,"column":4},"end":{"line":55,"column":38}}],"line":37},"5":{"loc":{"start":{"line":49,"column":8},"end":{"line":51,"column":41}},"type":"binary-expr","locations":[{"start":{"line":49,"column":8},"end":{"line":49,"column":13}},{"start":{"line":49,"column":8},"end":{"line":51,"column":41}}],"line":49}},"s":{"0":8,"1":8,"2":2,"3":0,"4":2,"5":2,"6":2,"7":2,"8":2,"9":2,"10":2,"11":28},"f":{"0":2},"b":{"0":[0,2],"1":[13],"2":[28,16],"3":[13,5],"4":[12,1],"5":[1,1]},"meta":{"lastBranch":6,"lastFunction":1,"lastStatement":12,"seen":{"s:6:25:6:42":0,"s:8:13:8:Infinity":1,"f:10:15:10:27":0,"b:11:2:11:Infinity:undefined:undefined:undefined:undefined":0,"s:11:2:11:Infinity":2,"s:11:18:11:Infinity":3,"s:12:2:12:Infinity":4,"s:13:2:17:Infinity":5,"s:14:4:14:Infinity":6,"s:16:4:16:Infinity":7,"s:27:9:27:Infinity":8,"s:32:12:32:34":9,"s:34:7:34:26":10,"s:23:10:55:38":11,"b:22:2:55:38":1,"b:23:10:23:35:23:35:23:Infinity":2,"b:28:6:28:11:28:6:32:12":3,"b:36:4:43:Infinity:46:4:55:38":4,"b:49:8:49:13:49:8:51:41":5},"fnNames":{}}}
,"/home/richard/experiments/fairteilerac/frontend/src/components/LegalPage.vue": {"path":"/home/richard/experiments/fairteilerac/frontend/src/components/LegalPage.vue","statementMap":{"0":{"start":{"line":7,"column":19},"end":{"line":7,"column":27}},"1":{"start":{"line":9,"column":15},"end":{"line":9,"column":25}},"2":{"start":{"line":12,"column":2},"end":{"line":13,"column":null}},"3":{"start":{"line":12,"column":33},"end":{"line":12,"column":null}},"4":{"start":{"line":13,"column":7},"end":{"line":13,"column":null}},"5":{"start":{"line":18,"column":7},"end":{"line":18,"column":null}},"6":{"start":{"line":19,"column":9},"end":{"line":19,"column":null}},"7":{"start":{"line":25,"column":10},"end":{"line":25,"column":32}},"8":{"start":{"line":28,"column":13},"end":{"line":28,"column":null}},"9":{"start":{"line":18,"column":2},"end":{"line":35,"column":null}}},"fnMap":{"0":{"name":"goBack","decl":{"start":{"line":11,"column":9},"end":{"line":11,"column":18}},"loc":{"start":{"line":11,"column":18},"end":{"line":14,"column":null}},"line":11}},"branchMap":{"0":{"loc":{"start":{"line":12,"column":2},"end":{"line":13,"column":null}},"type":"if","locations":[{"start":{"line":12,"column":2},"end":{"line":13,"column":null}},{"start":{"line":13,"column":7},"end":{"line":13,"column":null}}],"line":12},"1":{"loc":{"start":{"line":21,"column":8},"end":{"line":22,"column":42}},"type":"binary-expr","locations":[{"start":{"line":21,"column":8},"end":{"line":21,"column":13}},{"start":{"line":21,"column":8},"end":{"line":22,"column":42}}],"line":21},"2":{"loc":{"start":{"line":26,"column":6},"end":{"line":26,"column":53}},"type":"binary-expr","locations":[{"start":{"line":26,"column":6},"end":{"line":26,"column":12}},{"start":{"line":26,"column":6},"end":{"line":26,"column":53}}],"line":26},"3":{"loc":{"start":{"line":29,"column":15},"end":{"line":30,"column":null}},"type":"cond-expr","locations":[{"start":{"line":29,"column":6},"end":{"line":30,"column":null}},{"start":{"line":30,"column":12},"end":{"line":30,"column":null}}],"line":29},"4":{"loc":{"start":{"line":29,"column":15},"end":{"line":29,"column":46}},"type":"binary-expr","locations":[{"start":{"line":29,"column":15},"end":{"line":29,"column":29}},{"start":{"line":29,"column":29},"end":{"line":29,"column":46}}],"line":29},"5":{"loc":{"start":{"line":32,"column":17},"end":{"line":35,"column":null}},"type":"cond-expr","locations":[{"start":{"line":32,"column":6},"end":{"line":33,"column":null}},{"start":{"line":35,"column":6},"end":{"line":35,"column":null}}],"line":32}},"s":{"0":3,"1":3,"2":0,"3":0,"4":0,"5":2,"6":2,"7":2,"8":2,"9":3},"f":{"0":0},"b":{"0":[0,0],"1":[3,3],"2":[3,3],"3":[0,3],"4":[3,2],"5":[2,1]},"meta":{"lastBranch":0,"lastFunction":0,"lastStatement":0,"seen":{},"fnNames":{}}}
,"/home/richard/experiments/fairteilerac/frontend/src/components/OfflineBanner.vue": {"path":"/home/richard/experiments/fairteilerac/frontend/src/components/OfflineBanner.vue","statementMap":{"0":{"start":{"line":6,"column":2},"end":{"line":6,"column":64}}},"fnMap":{},"branchMap":{},"s":{"0":1},"f":{},"b":{},"meta":{"lastBranch":0,"lastFunction":0,"lastStatement":0,"seen":{},"fnNames":{}}}
,"/home/richard/experiments/fairteilerac/frontend/src/components/SkeletonBlock.vue": {"path":"/home/richard/experiments/fairteilerac/frontend/src/components/SkeletonBlock.vue","statementMap":{"0":{"start":{"line":20,"column":18},"end":{"line":20,"column":39}}},"fnMap":{},"branchMap":{"0":{"loc":{"start":{"line":30,"column":14},"end":{"line":30,"column":86}},"type":"cond-expr","locations":[{"start":{"line":30,"column":2},"end":{"line":30,"column":86}},{"start":{"line":30,"column":58},"end":{"line":30,"column":86}}],"line":30}},"s":{"0":458},"f":{},"b":{"0":[47,411]},"meta":{"lastBranch":1,"lastFunction":0,"lastStatement":1,"seen":{"s:20:18:20:39":0,"b:30:2:30:86:30:58:30:86":0},"fnNames":{}}}
,"/home/richard/experiments/fairteilerac/frontend/src/components/StatusBadge.vue": {"path":"/home/richard/experiments/fairteilerac/frontend/src/components/StatusBadge.vue","statementMap":{"0":{"start":{"line":6,"column":14},"end":{"line":6,"column":null}},"1":{"start":{"line":8,"column":13},"end":{"line":8,"column":null}},"2":{"start":{"line":8,"column":28},"end":{"line":8,"column":51}},"3":{"start":{"line":12,"column":2},"end":{"line":12,"column":56}}},"fnMap":{"0":{"name":"(anonymous_0)","decl":{"start":{"line":8,"column":13},"end":{"line":8,"column":28}},"loc":{"start":{"line":8,"column":28},"end":{"line":8,"column":51}},"line":8}},"branchMap":{},"s":{"0":78,"1":78,"2":78,"3":78},"f":{"0":78},"b":{},"meta":{"lastBranch":0,"lastFunction":1,"lastStatement":4,"seen":{"s:6:14:6:Infinity":0,"s:8:13:8:Infinity":1,"f:8:13:8:28":0,"s:8:28:8:51":2,"s:12:2:12:56":3},"fnNames":{}}}
,"/home/richard/experiments/fairteilerac/frontend/src/components/WelcomeOverlay.vue": {"path":"/home/richard/experiments/fairteilerac/frontend/src/components/WelcomeOverlay.vue","statementMap":{"0":{"start":{"line":13,"column":15},"end":{"line":13,"column":25}},"1":{"start":{"line":14,"column":25},"end":{"line":14,"column":42}},"2":{"start":{"line":15,"column":39},"end":{"line":15,"column":47}},"3":{"start":{"line":18,"column":17},"end":{"line":18,"column":null}},"4":{"start":{"line":19,"column":2},"end":{"line":19,"column":null}},"5":{"start":{"line":23,"column":15},"end":{"line":23,"column":null}},"6":{"start":{"line":24,"column":15},"end":{"line":24,"column":null}},"7":{"start":{"line":25,"column":2},"end":{"line":25,"column":null}},"8":{"start":{"line":28,"column":16},"end":{"line":28,"column":null}},"9":{"start":{"line":29,"column":0},"end":{"line":29,"column":null}},"10":{"start":{"line":30,"column":19},"end":{"line":30,"column":null}},"11":{"start":{"line":31,"column":17},"end":{"line":31,"column":null}},"12":{"start":{"line":34,"column":2},"end":{"line":34,"column":null}},"13":{"start":{"line":35,"column":2},"end":{"line":35,"column":null}},"14":{"start":{"line":40,"column":2},"end":{"line":40,"column":null}},"15":{"start":{"line":40,"column":47},"end":{"line":40,"column":null}},"16":{"start":{"line":43,"column":0},"end":{"line":49,"column":null}},"17":{"start":{"line":44,"column":2},"end":{"line":44,"column":null}},"18":{"start":{"line":45,"column":2},"end":{"line":48,"column":null}},"19":{"start":{"line":46,"column":4},"end":{"line":46,"column":null}},"20":{"start":{"line":47,"column":4},"end":{"line":47,"column":null}},"21":{"start":{"line":51,"column":0},"end":{"line":53,"column":null}},"22":{"start":{"line":52,"column":2},"end":{"line":52,"column":null}},"23":{"start":{"line":56,"column":2},"end":{"line":56,"column":null}},"24":{"start":{"line":57,"column":2},"end":{"line":57,"column":null}},"25":{"start":{"line":61,"column":2},"end":{"line":61,"column":null}},"26":{"start":{"line":61,"column":24},"end":{"line":61,"column":null}},"27":{"start":{"line":62,"column":2},"end":{"line":62,"column":null}},"28":{"start":{"line":63,"column":2},"end":{"line":67,"column":null}},"29":{"start":{"line":64,"column":4},"end":{"line":64,"column":null}},"30":{"start":{"line":66,"column":4},"end":{"line":66,"column":null}},"31":{"start":{"line":73,"column":9},"end":{"line":73,"column":null}},"32":{"start":{"line":89,"column":10},"end":{"line":89,"column":32}},"33":{"start":{"line":90,"column":9},"end":{"line":90,"column":25}},"34":{"start":{"line":92,"column":10},"end":{"line":92,"column":null}},"35":{"start":{"line":115,"column":9},"end":{"line":115,"column":null}},"36":{"start":{"line":72,"column":13},"end":{"line":130,"column":null}},"37":{"start":{"line":81,"column":8},"end":{"line":82,"column":null}}},"fnMap":{"0":{"name":"onLanguageChange","decl":{"start":{"line":17,"column":9},"end":{"line":17,"column":26}},"loc":{"start":{"line":17,"column":40},"end":{"line":20,"column":null}},"line":17},"1":{"name":"entryPath","decl":{"start":{"line":22,"column":9},"end":{"line":22,"column":29}},"loc":{"start":{"line":22,"column":29},"end":{"line":26,"column":null}},"line":22},"2":{"name":"close","decl":{"start":{"line":33,"column":9},"end":{"line":33,"column":17}},"loc":{"start":{"line":33,"column":17},"end":{"line":36,"column":null}},"line":33},"3":{"name":"onKeydown","decl":{"start":{"line":39,"column":9},"end":{"line":39,"column":19}},"loc":{"start":{"line":39,"column":41},"end":{"line":41,"column":null}},"line":39},"4":{"name":"(anonymous_4)","decl":{"start":{"line":43,"column":10},"end":{"line":43,"column":22}},"loc":{"start":{"line":43,"column":22},"end":{"line":49,"column":1}},"line":43},"5":{"name":"(anonymous_5)","decl":{"start":{"line":51,"column":0},"end":{"line":51,"column":22}},"loc":{"start":{"line":51,"column":22},"end":{"line":53,"column":1}},"line":51},"6":{"name":"openRegeln","decl":{"start":{"line":55,"column":9},"end":{"line":55,"column":22}},"loc":{"start":{"line":55,"column":22},"end":{"line":58,"column":null}},"line":55},"7":{"name":"onInstall","decl":{"start":{"line":60,"column":15},"end":{"line":60,"column":27}},"loc":{"start":{"line":60,"column":27},"end":{"line":68,"column":null}},"line":60},"8":{"name":"(anonymous_8)","decl":{"start":{"line":81,"column":32},"end":{"line":81,"column":42}},"loc":{"start":{"line":81,"column":28},"end":{"line":82,"column":null}},"line":81}},"branchMap":{"0":{"loc":{"start":{"line":25,"column":9},"end":{"line":25,"column":null}},"type":"cond-expr","locations":[{"start":{"line":25,"column":33},"end":{"line":25,"column":65}},{"start":{"line":25,"column":65},"end":{"line":25,"column":null}}],"line":25},"1":{"loc":{"start":{"line":40,"column":2},"end":{"line":40,"column":null}},"type":"if","locations":[{"start":{"line":40,"column":2},"end":{"line":40,"column":null}},{"start":{},"end":{}}],"line":40},"2":{"loc":{"start":{"line":40,"column":6},"end":{"line":40,"column":47}},"type":"binary-expr","locations":[{"start":{"line":40,"column":6},"end":{"line":40,"column":32}},{"start":{"line":40,"column":32},"end":{"line":40,"column":47}}],"line":40},"3":{"loc":{"start":{"line":45,"column":2},"end":{"line":48,"column":null}},"type":"if","locations":[{"start":{"line":45,"column":2},"end":{"line":48,"column":null}},{"start":{},"end":{}}],"line":45},"4":{"loc":{"start":{"line":61,"column":2},"end":{"line":61,"column":null}},"type":"if","locations":[{"start":{"line":61,"column":2},"end":{"line":61,"column":null}},{"start":{},"end":{}}],"line":61},"5":{"loc":{"start":{"line":72,"column":13},"end":{"line":130,"column":null}},"type":"cond-expr","locations":[{"start":{"line":72,"column":2},"end":{"line":130,"column":null}}],"line":72},"6":{"loc":{"start":{"line":85,"column":6},"end":{"line":87,"column":48}},"type":"binary-expr","locations":[{"start":{"line":85,"column":6},"end":{"line":85,"column":11}},{"start":{"line":85,"column":6},"end":{"line":87,"column":48}}],"line":85},"7":{"loc":{"start":{"line":94,"column":10},"end":{"line":98,"column":19}},"type":"binary-expr","locations":[{"start":{"line":94,"column":10},"end":{"line":94,"column":15}},{"start":{"line":94,"column":10},"end":{"line":98,"column":19}}],"line":94},"8":{"loc":{"start":{"line":101,"column":10},"end":{"line":105,"column":19}},"type":"binary-expr","locations":[{"start":{"line":101,"column":10},"end":{"line":101,"column":15}},{"start":{"line":101,"column":10},"end":{"line":105,"column":19}}],"line":101},"9":{"loc":{"start":{"line":108,"column":10},"end":{"line":111,"column":19}},"type":"binary-expr","locations":[{"start":{"line":108,"column":10},"end":{"line":108,"column":15}},{"start":{"line":108,"column":10},"end":{"line":111,"column":19}}],"line":108},"10":{"loc":{"start":{"line":119,"column":17},"end":{"line":120,"column":9}},"type":"binary-expr","locations":[{"start":{"line":119,"column":17},"end":{"line":119,"column":null}},{"start":{"line":119,"column":17},"end":{"line":120,"column":9}}],"line":119},"11":{"loc":{"start":{"line":122,"column":17},"end":{"line":127,"column":80}},"type":"cond-expr","locations":[{"start":{"line":122,"column":6},"end":{"line":124,"column":null}},{"start":{"line":127,"column":20},"end":{"line":127,"column":80}}],"line":122},"12":{"loc":{"start":{"line":127,"column":20},"end":{"line":127,"column":80}},"type":"cond-expr","locations":[{"start":{"line":127,"column":6},"end":{"line":127,"column":80}},{"start":{"line":127,"column":56},"end":{"line":127,"column":80}}],"line":127}},"s":{"0":9,"1":9,"2":9,"3":0,"4":0,"5":9,"6":9,"7":9,"8":9,"9":9,"10":9,"11":9,"12":5,"13":5,"14":4,"15":1,"16":9,"17":9,"18":9,"19":8,"20":8,"21":9,"22":1,"23":1,"24":1,"25":2,"26":0,"27":2,"28":2,"29":2,"30":2,"31":1,"32":1,"33":1,"34":1,"35":1,"36":71,"37":297},"f":{"0":0,"1":9,"2":5,"3":4,"4":9,"5":1,"6":1,"7":2,"8":297},"b":{"0":[9,0],"1":[1,3],"2":[4,4],"3":[8,1],"4":[0,2],"5":[33],"6":[33,9],"7":[33,9],"8":[33,9],"9":[33,9],"10":[33,9],"11":[25,8],"12":[0,8]},"meta":{"lastBranch":0,"lastFunction":0,"lastStatement":0,"seen":{},"fnNames":{}}}
,"/home/richard/experiments/fairteilerac/frontend/src/composables/api.ts": {"path":"/home/richard/experiments/fairteilerac/frontend/src/composables/api.ts","statementMap":{"0":{"start":{"line":22,"column":4},"end":{"line":22,"column":null}},"1":{"start":{"line":23,"column":4},"end":{"line":23,"column":null}},"2":{"start":{"line":24,"column":4},"end":{"line":24,"column":null}},"3":{"start":{"line":29,"column":19},"end":{"line":29,"column":null}},"4":{"start":{"line":30,"column":2},"end":{"line":39,"column":null}},"5":{"start":{"line":31,"column":17},"end":{"line":31,"column":null}},"6":{"start":{"line":32,"column":4},"end":{"line":37,"column":null}},"7":{"start":{"line":33,"column":19},"end":{"line":33,"column":null}},"8":{"start":{"line":34,"column":6},"end":{"line":34,"column":null}},"9":{"start":{"line":34,"column":51},"end":{"line":34,"column":null}},"10":{"start":{"line":38,"column":4},"end":{"line":38,"column":null}},"11":{"start":{"line":40,"column":2},"end":{"line":40,"column":null}},"12":{"start":{"line":40,"column":31},"end":{"line":40,"column":null}},"13":{"start":{"line":41,"column":2},"end":{"line":41,"column":null}},"14":{"start":{"line":45,"column":2},"end":{"line":45,"column":null}},"15":{"start":{"line":49,"column":2},"end":{"line":49,"column":null}},"16":{"start":{"line":53,"column":2},"end":{"line":53,"column":null}},"17":{"start":{"line":57,"column":2},"end":{"line":57,"column":null}},"18":{"start":{"line":62,"column":2},"end":{"line":69,"column":null}},"19":{"start":{"line":76,"column":2},"end":{"line":83,"column":null}},"20":{"start":{"line":88,"column":2},"end":{"line":91,"column":null}}},"fnMap":{"0":{"name":"constructor","decl":{"start":{"line":21,"column":2},"end":{"line":21,"column":14}},"loc":{"start":{"line":21,"column":47},"end":{"line":25,"column":null}},"line":21},"1":{"name":"request","decl":{"start":{"line":28,"column":15},"end":{"line":28,"column":26}},"loc":{"start":{"line":28,"column":72},"end":{"line":42,"column":null}},"line":28},"2":{"name":"fetchFairteilerList","decl":{"start":{"line":44,"column":16},"end":{"line":44,"column":69}},"loc":{"start":{"line":44,"column":69},"end":{"line":46,"column":null}},"line":44},"3":{"name":"fetchFairteilerDetail","decl":{"start":{"line":48,"column":16},"end":{"line":48,"column":38}},"loc":{"start":{"line":48,"column":77},"end":{"line":50,"column":null}},"line":48},"4":{"name":"fetchStats","decl":{"start":{"line":52,"column":16},"end":{"line":52,"column":45}},"loc":{"start":{"line":52,"column":45},"end":{"line":54,"column":null}},"line":52},"5":{"name":"fetchPushConfig","decl":{"start":{"line":56,"column":16},"end":{"line":56,"column":55}},"loc":{"start":{"line":56,"column":55},"end":{"line":58,"column":null}},"line":56},"6":{"name":"putPushSubscription","decl":{"start":{"line":61,"column":16},"end":{"line":61,"column":36}},"loc":{"start":{"line":61,"column":85},"end":{"line":70,"column":null}},"line":61},"7":{"name":"submitReport","decl":{"start":{"line":72,"column":16},"end":{"line":72,"column":null}},"loc":{"start":{"line":75,"column":26},"end":{"line":84,"column":null}},"line":75},"8":{"name":"deleteReport","decl":{"start":{"line":87,"column":16},"end":{"line":87,"column":29}},"loc":{"start":{"line":87,"column":62},"end":{"line":92,"column":null}},"line":87}},"branchMap":{"0":{"loc":{"start":{"line":30,"column":2},"end":{"line":39,"column":null}},"type":"if","locations":[{"start":{"line":30,"column":2},"end":{"line":39,"column":null}},{"start":{},"end":{}}],"line":30},"1":{"loc":{"start":{"line":34,"column":6},"end":{"line":34,"column":null}},"type":"if","locations":[{"start":{"line":34,"column":6},"end":{"line":34,"column":null}},{"start":{},"end":{}}],"line":34},"2":{"loc":{"start":{"line":34,"column":10},"end":{"line":34,"column":51}},"type":"binary-expr","locations":[{"start":{"line":34,"column":10},"end":{"line":34,"column":18}},{"start":{"line":34,"column":18},"end":{"line":34,"column":51}}],"line":34},"3":{"loc":{"start":{"line":40,"column":2},"end":{"line":40,"column":null}},"type":"if","locations":[{"start":{"line":40,"column":2},"end":{"line":40,"column":null}},{"start":{},"end":{}}],"line":40}},"s":{"0":6,"1":6,"2":6,"3":108,"4":95,"5":6,"6":6,"7":6,"8":5,"9":5,"10":6,"11":89,"12":7,"13":82,"14":41,"15":23,"16":13,"17":10,"18":5,"19":11,"20":5},"f":{"0":6,"1":108,"2":41,"3":23,"4":13,"5":10,"6":5,"7":11,"8":5},"b":{"0":[6,89],"1":[5,0],"2":[5,5],"3":[7,82]},"meta":{"lastBranch":4,"lastFunction":9,"lastStatement":21,"seen":{"f:21:2:21:14":0,"s:22:4:22:Infinity":0,"s:23:4:23:Infinity":1,"s:24:4:24:Infinity":2,"f:28:15:28:26":1,"s:29:19:29:Infinity":3,"b:30:2:39:Infinity:undefined:undefined:undefined:undefined":0,"s:30:2:39:Infinity":4,"s:31:17:31:Infinity":5,"s:32:4:37:Infinity":6,"s:33:19:33:Infinity":7,"b:34:6:34:Infinity:undefined:undefined:undefined:undefined":1,"s:34:6:34:Infinity":8,"b:34:10:34:18:34:18:34:51":2,"s:34:51:34:Infinity":9,"s:38:4:38:Infinity":10,"b:40:2:40:Infinity:undefined:undefined:undefined:undefined":3,"s:40:2:40:Infinity":11,"s:40:31:40:Infinity":12,"s:41:2:41:Infinity":13,"f:44:16:44:69":2,"s:45:2:45:Infinity":14,"f:48:16:48:38":3,"s:49:2:49:Infinity":15,"f:52:16:52:45":4,"s:53:2:53:Infinity":16,"f:56:16:56:55":5,"s:57:2:57:Infinity":17,"f:61:16:61:36":6,"s:62:2:69:Infinity":18,"f:72:16:72:Infinity":7,"s:76:2:83:Infinity":19,"f:87:16:87:29":8,"s:88:2:91:Infinity":20},"fnNames":{}}}
,"/home/richard/experiments/fairteilerac/frontend/src/composables/device.ts": {"path":"/home/richard/experiments/fairteilerac/frontend/src/composables/device.ts","statementMap":{"0":{"start":{"line":1,"column":20},"end":{"line":1,"column":null}},"1":{"start":{"line":3,"column":32},"end":{"line":3,"column":null}},"2":{"start":{"line":6,"column":2},"end":{"line":12,"column":null}},"3":{"start":{"line":7,"column":4},"end":{"line":9,"column":null}},"4":{"start":{"line":8,"column":6},"end":{"line":8,"column":null}},"5":{"start":{"line":13,"column":2},"end":{"line":13,"column":null}},"6":{"start":{"line":21,"column":2},"end":{"line":30,"column":null}},"7":{"start":{"line":22,"column":19},"end":{"line":22,"column":null}},"8":{"start":{"line":23,"column":4},"end":{"line":23,"column":null}},"9":{"start":{"line":23,"column":16},"end":{"line":23,"column":null}},"10":{"start":{"line":24,"column":18},"end":{"line":24,"column":null}},"11":{"start":{"line":25,"column":4},"end":{"line":25,"column":null}},"12":{"start":{"line":26,"column":4},"end":{"line":26,"column":null}},"13":{"start":{"line":28,"column":4},"end":{"line":28,"column":null}},"14":{"start":{"line":28,"column":21},"end":{"line":28,"column":null}},"15":{"start":{"line":29,"column":4},"end":{"line":29,"column":null}}},"fnMap":{"0":{"name":"randomId","decl":{"start":{"line":5,"column":9},"end":{"line":5,"column":28}},"loc":{"start":{"line":5,"column":28},"end":{"line":14,"column":null}},"line":5},"1":{"name":"getDeviceId","decl":{"start":{"line":20,"column":16},"end":{"line":20,"column":38}},"loc":{"start":{"line":20,"column":38},"end":{"line":31,"column":null}},"line":20}},"branchMap":{"0":{"loc":{"start":{"line":7,"column":4},"end":{"line":9,"column":null}},"type":"if","locations":[{"start":{"line":7,"column":4},"end":{"line":9,"column":null}},{"start":{},"end":{}}],"line":7},"1":{"loc":{"start":{"line":7,"column":8},"end":{"line":7,"column":82}},"type":"binary-expr","locations":[{"start":{"line":7,"column":8},"end":{"line":7,"column":41}},{"start":{"line":7,"column":41},"end":{"line":7,"column":82}}],"line":7},"2":{"loc":{"start":{"line":23,"column":4},"end":{"line":23,"column":null}},"type":"if","locations":[{"start":{"line":23,"column":4},"end":{"line":23,"column":null}},{"start":{},"end":{}}],"line":23},"3":{"loc":{"start":{"line":28,"column":4},"end":{"line":28,"column":null}},"type":"if","locations":[{"start":{"line":28,"column":4},"end":{"line":28,"column":null}},{"start":{},"end":{}}],"line":28}},"s":{"0":9,"1":9,"2":20,"3":20,"4":19,"5":1,"6":26,"7":26,"8":26,"9":5,"10":18,"11":18,"12":18,"13":3,"14":2,"15":3},"f":{"0":20,"1":26},"b":{"0":[19,1],"1":[20,20],"2":[5,21],"3":[2,1]},"meta":{"lastBranch":4,"lastFunction":2,"lastStatement":16,"seen":{"s:1:20:1:Infinity":0,"s:3:32:3:Infinity":1,"f:5:9:5:28":0,"s:6:2:12:Infinity":2,"b:7:4:9:Infinity:undefined:undefined:undefined:undefined":0,"s:7:4:9:Infinity":3,"b:7:8:7:41:7:41:7:82":1,"s:8:6:8:Infinity":4,"s:13:2:13:Infinity":5,"f:20:16:20:38":1,"s:21:2:30:Infinity":6,"s:22:19:22:Infinity":7,"b:23:4:23:Infinity:undefined:undefined:undefined:undefined":2,"s:23:4:23:Infinity":8,"s:23:16:23:Infinity":9,"s:24:18:24:Infinity":10,"s:25:4:25:Infinity":11,"s:26:4:26:Infinity":12,"b:28:4:28:Infinity:undefined:undefined:undefined:undefined":3,"s:28:4:28:Infinity":13,"s:28:21:28:Infinity":14,"s:29:4:29:Infinity":15},"fnNames":{}}}
,"/home/richard/experiments/fairteilerac/frontend/src/composables/ownReports.ts": {"path":"/home/richard/experiments/fairteilerac/frontend/src/composables/ownReports.ts","statementMap":{"0":{"start":{"line":6,"column":20},"end":{"line":6,"column":null}},"1":{"start":{"line":8,"column":35},"end":{"line":8,"column":null}},"2":{"start":{"line":9,"column":20},"end":{"line":9,"column":null}},"3":{"start":{"line":18,"column":18},"end":{"line":18,"column":null}},"4":{"start":{"line":19,"column":2},"end":{"line":19,"column":null}},"5":{"start":{"line":19,"column":29},"end":{"line":19,"column":null}},"6":{"start":{"line":20,"column":2},"end":{"line":20,"column":null}},"7":{"start":{"line":24,"column":2},"end":{"line":24,"column":null}},"8":{"start":{"line":24,"column":51},"end":{"line":24,"column":null}},"9":{"start":{"line":25,"column":17},"end":{"line":25,"column":null}},"10":{"start":{"line":26,"column":2},"end":{"line":29,"column":null}},"11":{"start":{"line":34,"column":2},"end":{"line":38,"column":null}},"12":{"start":{"line":35,"column":4},"end":{"line":35,"column":null}},"13":{"start":{"line":43,"column":2},"end":{"line":51,"column":null}},"14":{"start":{"line":44,"column":16},"end":{"line":44,"column":null}},"15":{"start":{"line":45,"column":4},"end":{"line":45,"column":null}},"16":{"start":{"line":45,"column":14},"end":{"line":45,"column":null}},"17":{"start":{"line":46,"column":28},"end":{"line":46,"column":null}},"18":{"start":{"line":47,"column":4},"end":{"line":47,"column":null}},"19":{"start":{"line":47,"column":32},"end":{"line":47,"column":null}},"20":{"start":{"line":48,"column":4},"end":{"line":48,"column":null}},"21":{"start":{"line":48,"column":52},"end":{"line":48,"column":71}},"22":{"start":{"line":50,"column":4},"end":{"line":50,"column":null}},"23":{"start":{"line":55,"column":18},"end":{"line":55,"column":null}},"24":{"start":{"line":55,"column":52},"end":{"line":55,"column":69}},"25":{"start":{"line":56,"column":2},"end":{"line":56,"column":null}},"26":{"start":{"line":57,"column":2},"end":{"line":57,"column":null}},"27":{"start":{"line":61,"column":2},"end":{"line":61,"column":null}},"28":{"start":{"line":61,"column":48},"end":{"line":61,"column":63}},"29":{"start":{"line":66,"column":2},"end":{"line":66,"column":null}},"30":{"start":{"line":66,"column":45},"end":{"line":66,"column":66}}},"fnMap":{"0":{"name":"isFresh","decl":{"start":{"line":17,"column":9},"end":{"line":17,"column":17}},"loc":{"start":{"line":17,"column":55},"end":{"line":21,"column":null}},"line":17},"1":{"name":"isValid","decl":{"start":{"line":23,"column":9},"end":{"line":23,"column":17}},"loc":{"start":{"line":23,"column":53},"end":{"line":31,"column":null}},"line":23},"2":{"name":"persist","decl":{"start":{"line":33,"column":9},"end":{"line":33,"column":17}},"loc":{"start":{"line":33,"column":45},"end":{"line":39,"column":null}},"line":33},"3":{"name":"loadOwnReports","decl":{"start":{"line":42,"column":16},"end":{"line":42,"column":31}},"loc":{"start":{"line":42,"column":68},"end":{"line":52,"column":null}},"line":42},"4":{"name":"(anonymous_4)","decl":{"start":{"line":48,"column":34},"end":{"line":48,"column":42}},"loc":{"start":{"line":48,"column":52},"end":{"line":48,"column":71}},"line":48},"5":{"name":"rememberOwnReport","decl":{"start":{"line":54,"column":16},"end":{"line":54,"column":34}},"loc":{"start":{"line":54,"column":82},"end":{"line":58,"column":null}},"line":54},"6":{"name":"(anonymous_6)","decl":{"start":{"line":55,"column":38},"end":{"line":55,"column":46}},"loc":{"start":{"line":55,"column":52},"end":{"line":55,"column":69}},"line":55},"7":{"name":"forgetOwnReport","decl":{"start":{"line":60,"column":16},"end":{"line":60,"column":32}},"loc":{"start":{"line":60,"column":74},"end":{"line":62,"column":null}},"line":60},"8":{"name":"(anonymous_8)","decl":{"start":{"line":61,"column":30},"end":{"line":61,"column":38}},"loc":{"start":{"line":61,"column":48},"end":{"line":61,"column":63}},"line":61},"9":{"name":"isOwnReport","decl":{"start":{"line":65,"column":16},"end":{"line":65,"column":28}},"loc":{"start":{"line":65,"column":79},"end":{"line":67,"column":null}},"line":65},"10":{"name":"(anonymous_10)","decl":{"start":{"line":66,"column":29},"end":{"line":66,"column":35}},"loc":{"start":{"line":66,"column":45},"end":{"line":66,"column":66}},"line":66}},"branchMap":{"0":{"loc":{"start":{"line":19,"column":2},"end":{"line":19,"column":null}},"type":"if","locations":[{"start":{"line":19,"column":2},"end":{"line":19,"column":null}},{"start":{},"end":{}}],"line":19},"1":{"loc":{"start":{"line":24,"column":2},"end":{"line":24,"column":null}},"type":"if","locations":[{"start":{"line":24,"column":2},"end":{"line":24,"column":null}},{"start":{},"end":{}}],"line":24},"2":{"loc":{"start":{"line":24,"column":6},"end":{"line":24,"column":51}},"type":"binary-expr","locations":[{"start":{"line":24,"column":6},"end":{"line":24,"column":35}},{"start":{"line":24,"column":35},"end":{"line":24,"column":51}}],"line":24},"3":{"loc":{"start":{"line":27,"column":4},"end":{"line":29,"column":null}},"type":"binary-expr","locations":[{"start":{"line":27,"column":4},"end":{"line":27,"column":null}},{"start":{"line":28,"column":4},"end":{"line":28,"column":null}},{"start":{"line":29,"column":4},"end":{"line":29,"column":null}}],"line":27},"4":{"loc":{"start":{"line":42,"column":31},"end":{"line":42,"column":68}},"type":"default-arg","locations":[{"start":{"line":42,"column":43},"end":{"line":42,"column":68}}],"line":42},"5":{"loc":{"start":{"line":45,"column":4},"end":{"line":45,"column":null}},"type":"if","locations":[{"start":{"line":45,"column":4},"end":{"line":45,"column":null}},{"start":{},"end":{}}],"line":45},"6":{"loc":{"start":{"line":47,"column":4},"end":{"line":47,"column":null}},"type":"if","locations":[{"start":{"line":47,"column":4},"end":{"line":47,"column":null}},{"start":{},"end":{}}],"line":47},"7":{"loc":{"start":{"line":54,"column":52},"end":{"line":54,"column":82}},"type":"default-arg","locations":[{"start":{"line":54,"column":64},"end":{"line":54,"column":82}}],"line":54},"8":{"loc":{"start":{"line":60,"column":44},"end":{"line":60,"column":74}},"type":"default-arg","locations":[{"start":{"line":60,"column":56},"end":{"line":60,"column":74}}],"line":60},"9":{"loc":{"start":{"line":65,"column":46},"end":{"line":65,"column":79}},"type":"default-arg","locations":[{"start":{"line":65,"column":58},"end":{"line":65,"column":79}}],"line":65}},"s":{"0":3,"1":3,"2":3,"3":334,"4":334,"5":0,"6":334,"7":335,"8":0,"9":335,"10":335,"11":41,"12":41,"13":88,"14":88,"15":88,"16":34,"17":54,"18":54,"19":0,"20":53,"21":334,"22":1,"23":38,"24":290,"25":38,"26":38,"27":3,"28":2,"29":40,"30":16},"f":{"0":334,"1":335,"2":41,"3":88,"4":334,"5":38,"6":290,"7":3,"8":2,"9":40,"10":16},"b":{"0":[0,334],"1":[0,335],"2":[335,335],"3":[335,334,334],"4":[88],"5":[34,54],"6":[0,54],"7":[38],"8":[3],"9":[40]},"meta":{"lastBranch":10,"lastFunction":11,"lastStatement":31,"seen":{"s:6:20:6:Infinity":0,"s:8:35:8:Infinity":1,"s:9:20:9:Infinity":2,"f:17:9:17:17":0,"s:18:18:18:Infinity":3,"b:19:2:19:Infinity:undefined:undefined:undefined:undefined":0,"s:19:2:19:Infinity":4,"s:19:29:19:Infinity":5,"s:20:2:20:Infinity":6,"f:23:9:23:17":1,"b:24:2:24:Infinity:undefined:undefined:undefined:undefined":1,"s:24:2:24:Infinity":7,"b:24:6:24:35:24:35:24:51":2,"s:24:51:24:Infinity":8,"s:25:17:25:Infinity":9,"s:26:2:29:Infinity":10,"b:27:4:27:Infinity:28:4:28:Infinity:29:4:29:Infinity":3,"f:33:9:33:17":2,"s:34:2:38:Infinity":11,"s:35:4:35:Infinity":12,"f:42:16:42:31":3,"b:42:43:42:68":4,"s:43:2:51:Infinity":13,"s:44:16:44:Infinity":14,"b:45:4:45:Infinity:undefined:undefined:undefined:undefined":5,"s:45:4:45:Infinity":15,"s:45:14:45:Infinity":16,"s:46:28:46:Infinity":17,"b:47:4:47:Infinity:undefined:undefined:undefined:undefined":6,"s:47:4:47:Infinity":18,"s:47:32:47:Infinity":19,"s:48:4:48:Infinity":20,"f:48:34:48:42":4,"s:48:52:48:71":21,"s:50:4:50:Infinity":22,"f:54:16:54:34":5,"b:54:64:54:82":7,"s:55:18:55:Infinity":23,"f:55:38:55:46":6,"s:55:52:55:69":24,"s:56:2:56:Infinity":25,"s:57:2:57:Infinity":26,"f:60:16:60:32":7,"b:60:56:60:74":8,"s:61:2:61:Infinity":27,"f:61:30:61:38":8,"s:61:48:61:63":28,"f:65:16:65:28":9,"b:65:58:65:79":9,"s:66:2:66:Infinity":29,"f:66:29:66:35":10,"s:66:45:66:66":30},"fnNames":{}}}
,"/home/richard/experiments/fairteilerac/frontend/src/composables/pushPrefs.ts": {"path":"/home/richard/experiments/fairteilerac/frontend/src/composables/pushPrefs.ts","statementMap":{"0":{"start":{"line":3,"column":16},"end":{"line":3,"column":null}},"1":{"start":{"line":4,"column":18},"end":{"line":4,"column":null}},"2":{"start":{"line":12,"column":2},"end":{"line":21,"column":null}},"3":{"start":{"line":13,"column":19},"end":{"line":13,"column":null}},"4":{"start":{"line":14,"column":25},"end":{"line":14,"column":null}},"5":{"start":{"line":15,"column":4},"end":{"line":18,"column":null}},"6":{"start":{"line":16,"column":51},"end":{"line":16,"column":71}},"7":{"start":{"line":20,"column":4},"end":{"line":20,"column":null}},"8":{"start":{"line":25,"column":2},"end":{"line":30,"column":null}},"9":{"start":{"line":26,"column":4},"end":{"line":26,"column":null}},"10":{"start":{"line":27,"column":4},"end":{"line":27,"column":null}}},"fnMap":{"0":{"name":"loadPushPrefs","decl":{"start":{"line":11,"column":16},"end":{"line":11,"column":43}},"loc":{"start":{"line":11,"column":43},"end":{"line":22,"column":null}},"line":11},"1":{"name":"(anonymous_1)","decl":{"start":{"line":16,"column":36},"end":{"line":16,"column":44}},"loc":{"start":{"line":16,"column":51},"end":{"line":16,"column":71}},"line":16},"2":{"name":"savePushPrefs","decl":{"start":{"line":24,"column":16},"end":{"line":24,"column":30}},"loc":{"start":{"line":24,"column":72},"end":{"line":31,"column":null}},"line":24}},"branchMap":{"0":{"loc":{"start":{"line":14,"column":25},"end":{"line":14,"column":null}},"type":"cond-expr","locations":[{"start":{"line":14,"column":34},"end":{"line":14,"column":55}},{"start":{"line":14,"column":55},"end":{"line":14,"column":null}}],"line":14},"1":{"loc":{"start":{"line":16,"column":11},"end":{"line":16,"column":null}},"type":"cond-expr","locations":[{"start":{"line":16,"column":32},"end":{"line":16,"column":75}},{"start":{"line":16,"column":75},"end":{"line":16,"column":null}}],"line":16}},"s":{"0":2,"1":2,"2":12,"3":12,"4":12,"5":12,"6":4,"7":1,"8":4,"9":4,"10":4},"f":{"0":12,"1":4,"2":4},"b":{"0":[4,8],"1":[11,0]},"meta":{"lastBranch":2,"lastFunction":3,"lastStatement":11,"seen":{"s:3:16:3:Infinity":0,"s:4:18:4:Infinity":1,"f:11:16:11:43":0,"s:12:2:21:Infinity":2,"s:13:19:13:Infinity":3,"s:14:25:14:Infinity":4,"b:14:34:14:55:14:55:14:Infinity":0,"s:15:4:18:Infinity":5,"b:16:32:16:75:16:75:16:Infinity":1,"f:16:36:16:44":1,"s:16:51:16:71":6,"s:20:4:20:Infinity":7,"f:24:16:24:30":2,"s:25:2:30:Infinity":8,"s:26:4:26:Infinity":9,"s:27:4:27:Infinity":10},"fnNames":{}}}
,"/home/richard/experiments/fairteilerac/frontend/src/composables/settings.ts": {"path":"/home/richard/experiments/fairteilerac/frontend/src/composables/settings.ts","statementMap":{"0":{"start":{"line":4,"column":24},"end":{"line":4,"column":null}},"1":{"start":{"line":8,"column":2},"end":{"line":12,"column":null}},"2":{"start":{"line":9,"column":4},"end":{"line":9,"column":null}},"3":{"start":{"line":11,"column":4},"end":{"line":11,"column":null}},"4":{"start":{"line":16,"column":2},"end":{"line":20,"column":null}},"5":{"start":{"line":17,"column":4},"end":{"line":17,"column":null}},"6":{"start":{"line":23,"column":22},"end":{"line":23,"column":null}},"7":{"start":{"line":27,"column":2},"end":{"line":34,"column":null}},"8":{"start":{"line":28,"column":19},"end":{"line":28,"column":null}},"9":{"start":{"line":29,"column":4},"end":{"line":31,"column":null}},"10":{"start":{"line":30,"column":6},"end":{"line":30,"column":null}},"11":{"start":{"line":35,"column":2},"end":{"line":35,"column":null}},"12":{"start":{"line":39,"column":2},"end":{"line":43,"column":null}},"13":{"start":{"line":40,"column":4},"end":{"line":40,"column":null}},"14":{"start":{"line":48,"column":2},"end":{"line":53,"column":null}},"15":{"start":{"line":49,"column":4},"end":{"line":49,"column":null}},"16":{"start":{"line":50,"column":4},"end":{"line":50,"column":null}},"17":{"start":{"line":52,"column":4},"end":{"line":52,"column":null}}},"fnMap":{"0":{"name":"loadAutoLocate","decl":{"start":{"line":7,"column":16},"end":{"line":7,"column":42}},"loc":{"start":{"line":7,"column":42},"end":{"line":13,"column":null}},"line":7},"1":{"name":"saveAutoLocate","decl":{"start":{"line":15,"column":16},"end":{"line":15,"column":31}},"loc":{"start":{"line":15,"column":53},"end":{"line":21,"column":null}},"line":15},"2":{"name":"loadListSort","decl":{"start":{"line":26,"column":16},"end":{"line":26,"column":45}},"loc":{"start":{"line":26,"column":45},"end":{"line":36,"column":null}},"line":26},"3":{"name":"saveListSort","decl":{"start":{"line":38,"column":16},"end":{"line":38,"column":29}},"loc":{"start":{"line":38,"column":55},"end":{"line":44,"column":null}},"line":38},"4":{"name":"clearLocalData","decl":{"start":{"line":47,"column":16},"end":{"line":47,"column":42}},"loc":{"start":{"line":47,"column":42},"end":{"line":54,"column":null}},"line":47}},"branchMap":{"0":{"loc":{"start":{"line":29,"column":4},"end":{"line":31,"column":null}},"type":"if","locations":[{"start":{"line":29,"column":4},"end":{"line":31,"column":null}},{"start":{},"end":{}}],"line":29},"1":{"loc":{"start":{"line":29,"column":8},"end":{"line":29,"column":66}},"type":"binary-expr","locations":[{"start":{"line":29,"column":8},"end":{"line":29,"column":19}},{"start":{"line":29,"column":19},"end":{"line":29,"column":66}}],"line":29}},"s":{"0":4,"1":18,"2":18,"3":0,"4":3,"5":3,"6":4,"7":15,"8":15,"9":15,"10":2,"11":13,"12":6,"13":6,"14":2,"15":2,"16":2,"17":0},"f":{"0":18,"1":3,"2":15,"3":6,"4":2},"b":{"0":[2,13],"1":[15,3]},"meta":{"lastBranch":2,"lastFunction":5,"lastStatement":18,"seen":{"s:4:24:4:Infinity":0,"f:7:16:7:42":0,"s:8:2:12:Infinity":1,"s:9:4:9:Infinity":2,"s:11:4:11:Infinity":3,"f:15:16:15:31":1,"s:16:2:20:Infinity":4,"s:17:4:17:Infinity":5,"s:23:22:23:Infinity":6,"f:26:16:26:45":2,"s:27:2:34:Infinity":7,"s:28:19:28:Infinity":8,"b:29:4:31:Infinity:undefined:undefined:undefined:undefined":0,"s:29:4:31:Infinity":9,"b:29:8:29:19:29:19:29:66":1,"s:30:6:30:Infinity":10,"s:35:2:35:Infinity":11,"f:38:16:38:29":3,"s:39:2:43:Infinity":12,"s:40:4:40:Infinity":13,"f:47:16:47:42":4,"s:48:2:53:Infinity":14,"s:49:4:49:Infinity":15,"s:50:4:50:Infinity":16,"s:52:4:52:Infinity":17},"fnNames":{}}}
,"/home/richard/experiments/fairteilerac/frontend/src/composables/useFilters.ts": {"path":"/home/richard/experiments/fairteilerac/frontend/src/composables/useFilters.ts","statementMap":{"0":{"start":{"line":4,"column":20},"end":{"line":4,"column":null}},"1":{"start":{"line":7,"column":17},"end":{"line":7,"column":29}},"2":{"start":{"line":8,"column":2},"end":{"line":22,"column":null}},"3":{"start":{"line":9,"column":16},"end":{"line":9,"column":null}},"4":{"start":{"line":10,"column":4},"end":{"line":19,"column":null}},"5":{"start":{"line":11,"column":30},"end":{"line":11,"column":null}},"6":{"start":{"line":12,"column":6},"end":{"line":18,"column":null}},"7":{"start":{"line":13,"column":23},"end":{"line":13,"column":null}},"8":{"start":{"line":14,"column":8},"end":{"line":14,"column":null}},"9":{"start":{"line":15,"column":8},"end":{"line":15,"column":null}},"10":{"start":{"line":16,"column":8},"end":{"line":16,"column":null}},"11":{"start":{"line":17,"column":8},"end":{"line":17,"column":null}},"12":{"start":{"line":23,"column":2},"end":{"line":23,"column":null}},"13":{"start":{"line":27,"column":15},"end":{"line":27,"column":null}},"14":{"start":{"line":29,"column":0},"end":{"line":35,"column":null}},"15":{"start":{"line":30,"column":2},"end":{"line":34,"column":null}},"16":{"start":{"line":31,"column":4},"end":{"line":31,"column":null}},"17":{"start":{"line":38,"column":2},"end":{"line":38,"column":null}},"18":{"start":{"line":42,"column":2},"end":{"line":42,"column":null}}},"fnMap":{"0":{"name":"restore","decl":{"start":{"line":6,"column":9},"end":{"line":6,"column":37}},"loc":{"start":{"line":6,"column":37},"end":{"line":24,"column":null}},"line":6},"1":{"name":"(anonymous_1)","decl":{"start":{"line":29,"column":6},"end":{"line":29,"column":15}},"loc":{"start":{"line":29,"column":25},"end":{"line":35,"column":1}},"line":29},"2":{"name":"useFilters","decl":{"start":{"line":37,"column":16},"end":{"line":37,"column":47}},"loc":{"start":{"line":37,"column":47},"end":{"line":39,"column":null}},"line":37},"3":{"name":"resetFilters","decl":{"start":{"line":41,"column":16},"end":{"line":41,"column":37}},"loc":{"start":{"line":41,"column":37},"end":{"line":43,"column":null}},"line":41}},"branchMap":{"0":{"loc":{"start":{"line":10,"column":4},"end":{"line":19,"column":null}},"type":"if","locations":[{"start":{"line":10,"column":4},"end":{"line":19,"column":null}},{"start":{},"end":{}}],"line":10},"1":{"loc":{"start":{"line":12,"column":6},"end":{"line":18,"column":null}},"type":"if","locations":[{"start":{"line":12,"column":6},"end":{"line":18,"column":null}},{"start":{},"end":{}}],"line":12},"2":{"loc":{"start":{"line":12,"column":10},"end":{"line":12,"column":57}},"type":"binary-expr","locations":[{"start":{"line":12,"column":10},"end":{"line":12,"column":40}},{"start":{"line":12,"column":40},"end":{"line":12,"column":57}}],"line":12}},"s":{"0":9,"1":9,"2":9,"3":9,"4":9,"5":3,"6":3,"7":1,"8":1,"9":1,"10":1,"11":1,"12":9,"13":9,"14":9,"15":11,"16":11,"17":44,"18":20},"f":{"0":9,"1":11,"2":44,"3":20},"b":{"0":[3,6],"1":[1,2],"2":[3,1]},"meta":{"lastBranch":3,"lastFunction":4,"lastStatement":19,"seen":{"s:4:20:4:Infinity":0,"f:6:9:6:37":0,"s:7:17:7:29":1,"s:8:2:22:Infinity":2,"s:9:16:9:Infinity":3,"b:10:4:19:Infinity:undefined:undefined:undefined:undefined":0,"s:10:4:19:Infinity":4,"s:11:30:11:Infinity":5,"b:12:6:18:Infinity:undefined:undefined:undefined:undefined":1,"s:12:6:18:Infinity":6,"b:12:10:12:40:12:40:12:57":2,"s:13:23:13:Infinity":7,"s:14:8:14:Infinity":8,"s:15:8:15:Infinity":9,"s:16:8:16:Infinity":10,"s:17:8:17:Infinity":11,"s:23:2:23:Infinity":12,"s:27:15:27:Infinity":13,"s:29:0:35:Infinity":14,"f:29:6:29:15":1,"s:30:2:34:Infinity":15,"s:31:4:31:Infinity":16,"f:37:16:37:47":2,"s:38:2:38:Infinity":17,"f:41:16:41:37":3,"s:42:2:42:Infinity":18},"fnNames":{}}}
,"/home/richard/experiments/fairteilerac/frontend/src/composables/useInstallPrompt.ts": {"path":"/home/richard/experiments/fairteilerac/frontend/src/composables/useInstallPrompt.ts","statementMap":{"0":{"start":{"line":23,"column":2},"end":{"line":23,"column":null}},"1":{"start":{"line":23,"column":18},"end":{"line":23,"column":null}},"2":{"start":{"line":24,"column":2},"end":{"line":24,"column":null}},"3":{"start":{"line":24,"column":22},"end":{"line":24,"column":null}},"4":{"start":{"line":25,"column":2},"end":{"line":25,"column":null}},"5":{"start":{"line":25,"column":11},"end":{"line":25,"column":null}},"6":{"start":{"line":26,"column":2},"end":{"line":26,"column":null}},"7":{"start":{"line":30,"column":2},"end":{"line":36,"column":null}},"8":{"start":{"line":31,"column":4},"end":{"line":33,"column":null}},"9":{"start":{"line":32,"column":6},"end":{"line":32,"column":null}},"10":{"start":{"line":37,"column":2},"end":{"line":39,"column":null}},"11":{"start":{"line":44,"column":13},"end":{"line":44,"column":null}},"12":{"start":{"line":45,"column":2},"end":{"line":45,"column":null}},"13":{"start":{"line":48,"column":20},"end":{"line":48,"column":null}},"14":{"start":{"line":49,"column":16},"end":{"line":49,"column":null}},"15":{"start":{"line":53,"column":2},"end":{"line":53,"column":null}},"16":{"start":{"line":53,"column":50},"end":{"line":53,"column":null}},"17":{"start":{"line":54,"column":2},"end":{"line":54,"column":null}},"18":{"start":{"line":55,"column":2},"end":{"line":58,"column":null}},"19":{"start":{"line":56,"column":4},"end":{"line":56,"column":null}},"20":{"start":{"line":57,"column":4},"end":{"line":57,"column":null}},"21":{"start":{"line":59,"column":2},"end":{"line":61,"column":null}},"22":{"start":{"line":60,"column":4},"end":{"line":60,"column":null}},"23":{"start":{"line":71,"column":2},"end":{"line":71,"column":null}},"24":{"start":{"line":72,"column":15},"end":{"line":74,"column":null}},"25":{"start":{"line":73,"column":4},"end":{"line":73,"column":null}},"26":{"start":{"line":75,"column":20},"end":{"line":75,"column":null}},"27":{"start":{"line":75,"column":35},"end":{"line":75,"column":62}},"28":{"start":{"line":78,"column":18},"end":{"line":78,"column":null}},"29":{"start":{"line":79,"column":4},"end":{"line":79,"column":null}},"30":{"start":{"line":79,"column":16},"end":{"line":79,"column":null}},"31":{"start":{"line":80,"column":4},"end":{"line":88,"column":null}},"32":{"start":{"line":81,"column":6},"end":{"line":81,"column":null}},"33":{"start":{"line":82,"column":21},"end":{"line":82,"column":null}},"34":{"start":{"line":83,"column":6},"end":{"line":83,"column":null}},"35":{"start":{"line":83,"column":41},"end":{"line":83,"column":null}},"36":{"start":{"line":84,"column":6},"end":{"line":84,"column":null}},"37":{"start":{"line":87,"column":6},"end":{"line":87,"column":null}},"38":{"start":{"line":91,"column":2},"end":{"line":91,"column":null}},"39":{"start":{"line":96,"column":2},"end":{"line":96,"column":null}},"40":{"start":{"line":97,"column":2},"end":{"line":97,"column":null}}},"fnMap":{"0":{"name":"installMode","decl":{"start":{"line":18,"column":16},"end":{"line":18,"column":null}},"loc":{"start":{"line":22,"column":15},"end":{"line":27,"column":null}},"line":22},"1":{"name":"isStandalone","decl":{"start":{"line":29,"column":16},"end":{"line":29,"column":40}},"loc":{"start":{"line":29,"column":40},"end":{"line":41,"column":null}},"line":29},"2":{"name":"isIos","decl":{"start":{"line":43,"column":16},"end":{"line":43,"column":22}},"loc":{"start":{"line":43,"column":51},"end":{"line":46,"column":null}},"line":43},"3":{"name":"captureInstallPrompt","decl":{"start":{"line":52,"column":16},"end":{"line":52,"column":45}},"loc":{"start":{"line":52,"column":45},"end":{"line":62,"column":null}},"line":52},"4":{"name":"(anonymous_4)","decl":{"start":{"line":55,"column":26},"end":{"line":55,"column":50}},"loc":{"start":{"line":55,"column":60},"end":{"line":58,"column":3}},"line":55},"5":{"name":"(anonymous_5)","decl":{"start":{"line":59,"column":26},"end":{"line":59,"column":48}},"loc":{"start":{"line":59,"column":48},"end":{"line":61,"column":3}},"line":59},"6":{"name":"useInstallPrompt","decl":{"start":{"line":70,"column":16},"end":{"line":70,"column":50}},"loc":{"start":{"line":70,"column":50},"end":{"line":92,"column":null}},"line":70},"7":{"name":"(anonymous_7)","decl":{"start":{"line":72,"column":15},"end":{"line":72,"column":null}},"loc":{"start":{"line":73,"column":4},"end":{"line":73,"column":null}},"line":73},"8":{"name":"(anonymous_8)","decl":{"start":{"line":75,"column":20},"end":{"line":75,"column":35}},"loc":{"start":{"line":75,"column":35},"end":{"line":75,"column":62}},"line":75},"9":{"name":"prompt","decl":{"start":{"line":77,"column":17},"end":{"line":77,"column":77}},"loc":{"start":{"line":77,"column":77},"end":{"line":89,"column":null}},"line":77},"10":{"name":"_resetInstallPromptForTests","decl":{"start":{"line":95,"column":16},"end":{"line":95,"column":52}},"loc":{"start":{"line":95,"column":52},"end":{"line":98,"column":null}},"line":95}},"branchMap":{"0":{"loc":{"start":{"line":23,"column":2},"end":{"line":23,"column":null}},"type":"if","locations":[{"start":{"line":23,"column":2},"end":{"line":23,"column":null}},{"start":{},"end":{}}],"line":23},"1":{"loc":{"start":{"line":24,"column":2},"end":{"line":24,"column":null}},"type":"if","locations":[{"start":{"line":24,"column":2},"end":{"line":24,"column":null}},{"start":{},"end":{}}],"line":24},"2":{"loc":{"start":{"line":25,"column":2},"end":{"line":25,"column":null}},"type":"if","locations":[{"start":{"line":25,"column":2},"end":{"line":25,"column":null}},{"start":{},"end":{}}],"line":25},"3":{"loc":{"start":{"line":31,"column":4},"end":{"line":33,"column":null}},"type":"if","locations":[{"start":{"line":31,"column":4},"end":{"line":33,"column":null}},{"start":{},"end":{}}],"line":31},"4":{"loc":{"start":{"line":31,"column":8},"end":{"line":31,"column":94}},"type":"binary-expr","locations":[{"start":{"line":31,"column":8},"end":{"line":31,"column":44}},{"start":{"line":31,"column":44},"end":{"line":31,"column":94}}],"line":31},"5":{"loc":{"start":{"line":38,"column":4},"end":{"line":39,"column":null}},"type":"binary-expr","locations":[{"start":{"line":38,"column":4},"end":{"line":38,"column":null}},{"start":{"line":39,"column":5},"end":{"line":39,"column":null}}],"line":38},"6":{"loc":{"start":{"line":44,"column":13},"end":{"line":44,"column":null}},"type":"binary-expr","locations":[{"start":{"line":44,"column":13},"end":{"line":44,"column":27}},{"start":{"line":44,"column":27},"end":{"line":44,"column":null}}],"line":44},"7":{"loc":{"start":{"line":44,"column":27},"end":{"line":44,"column":null}},"type":"cond-expr","locations":[{"start":{"line":44,"column":62},"end":{"line":44,"column":84}},{"start":{"line":44,"column":84},"end":{"line":44,"column":null}}],"line":44},"8":{"loc":{"start":{"line":53,"column":2},"end":{"line":53,"column":null}},"type":"if","locations":[{"start":{"line":53,"column":2},"end":{"line":53,"column":null}},{"start":{},"end":{}}],"line":53},"9":{"loc":{"start":{"line":53,"column":6},"end":{"line":53,"column":50}},"type":"binary-expr","locations":[{"start":{"line":53,"column":6},"end":{"line":53,"column":19}},{"start":{"line":53,"column":19},"end":{"line":53,"column":50}}],"line":53},"10":{"loc":{"start":{"line":79,"column":4},"end":{"line":79,"column":null}},"type":"if","locations":[{"start":{"line":79,"column":4},"end":{"line":79,"column":null}},{"start":{},"end":{}}],"line":79},"11":{"loc":{"start":{"line":83,"column":6},"end":{"line":83,"column":null}},"type":"if","locations":[{"start":{"line":83,"column":6},"end":{"line":83,"column":null}},{"start":{},"end":{}}],"line":83}},"s":{"0":54,"1":3,"2":51,"3":26,"4":25,"5":2,"6":23,"7":51,"8":51,"9":2,"10":49,"11":52,"12":52,"13":4,"14":4,"15":27,"16":15,"17":12,"18":12,"19":18,"20":18,"21":12,"22":0,"23":20,"24":20,"25":49,"26":20,"27":4,"28":7,"29":7,"30":1,"31":6,"32":6,"33":5,"34":5,"35":2,"36":5,"37":1,"38":20,"39":21,"40":21},"f":{"0":54,"1":51,"2":52,"3":27,"4":18,"5":0,"6":20,"7":49,"8":4,"9":7,"10":21},"b":{"0":[3,51],"1":[26,25],"2":[2,23],"3":[2,49],"4":[51,51],"5":[49,49],"6":[52,49],"7":[49,0],"8":[15,12],"9":[27,12],"10":[1,6],"11":[2,3]},"meta":{"lastBranch":12,"lastFunction":11,"lastStatement":41,"seen":{"f:18:16:18:Infinity":0,"b:23:2:23:Infinity:undefined:undefined:undefined:undefined":0,"s:23:2:23:Infinity":0,"s:23:18:23:Infinity":1,"b:24:2:24:Infinity:undefined:undefined:undefined:undefined":1,"s:24:2:24:Infinity":2,"s:24:22:24:Infinity":3,"b:25:2:25:Infinity:undefined:undefined:undefined:undefined":2,"s:25:2:25:Infinity":4,"s:25:11:25:Infinity":5,"s:26:2:26:Infinity":6,"f:29:16:29:40":1,"s:30:2:36:Infinity":7,"b:31:4:33:Infinity:undefined:undefined:undefined:undefined":3,"s:31:4:33:Infinity":8,"b:31:8:31:44:31:44:31:94":4,"s:32:6:32:Infinity":9,"s:37:2:39:Infinity":10,"b:38:4:38:Infinity:39:5:39:Infinity":5,"f:43:16:43:22":2,"s:44:13:44:Infinity":11,"b:44:13:44:27:44:27:44:Infinity":6,"b:44:62:44:84:44:84:44:Infinity":7,"s:45:2:45:Infinity":12,"s:48:20:48:Infinity":13,"s:49:16:49:Infinity":14,"f:52:16:52:45":3,"b:53:2:53:Infinity:undefined:undefined:undefined:undefined":8,"s:53:2:53:Infinity":15,"b:53:6:53:19:53:19:53:50":9,"s:53:50:53:Infinity":16,"s:54:2:54:Infinity":17,"s:55:2:58:Infinity":18,"f:55:26:55:50":4,"s:56:4:56:Infinity":19,"s:57:4:57:Infinity":20,"s:59:2:61:Infinity":21,"f:59:26:59:48":5,"s:60:4:60:Infinity":22,"f:70:16:70:50":6,"s:71:2:71:Infinity":23,"s:72:15:74:Infinity":24,"f:72:15:72:Infinity":7,"s:73:4:73:Infinity":25,"s:75:20:75:Infinity":26,"f:75:20:75:35":8,"s:75:35:75:62":27,"f:77:17:77:77":9,"s:78:18:78:Infinity":28,"b:79:4:79:Infinity:undefined:undefined:undefined:undefined":10,"s:79:4:79:Infinity":29,"s:79:16:79:Infinity":30,"s:80:4:88:Infinity":31,"s:81:6:81:Infinity":32,"s:82:21:82:Infinity":33,"b:83:6:83:Infinity:undefined:undefined:undefined:undefined":11,"s:83:6:83:Infinity":34,"s:83:41:83:Infinity":35,"s:84:6:84:Infinity":36,"s:87:6:87:Infinity":37,"s:91:2:91:Infinity":38,"f:95:16:95:52":10,"s:96:2:96:Infinity":39,"s:97:2:97:Infinity":40},"fnNames":{}}}
,"/home/richard/experiments/fairteilerac/frontend/src/composables/useOnline.ts": {"path":"/home/richard/experiments/fairteilerac/frontend/src/composables/useOnline.ts","statementMap":{"0":{"start":{"line":5,"column":17},"end":{"line":5,"column":null}},"1":{"start":{"line":7,"column":8},"end":{"line":7,"column":null}},"2":{"start":{"line":7,"column":26},"end":{"line":7,"column":null}},"3":{"start":{"line":8,"column":8},"end":{"line":8,"column":null}},"4":{"start":{"line":8,"column":27},"end":{"line":8,"column":null}},"5":{"start":{"line":10,"column":2},"end":{"line":13,"column":null}},"6":{"start":{"line":11,"column":4},"end":{"line":11,"column":null}},"7":{"start":{"line":12,"column":4},"end":{"line":12,"column":null}},"8":{"start":{"line":15,"column":2},"end":{"line":18,"column":null}},"9":{"start":{"line":16,"column":4},"end":{"line":16,"column":null}},"10":{"start":{"line":17,"column":4},"end":{"line":17,"column":null}},"11":{"start":{"line":20,"column":2},"end":{"line":20,"column":null}},"12":{"start":{"line":33,"column":2},"end":{"line":33,"column":null}}},"fnMap":{"0":{"name":"useOnline","decl":{"start":{"line":4,"column":16},"end":{"line":4,"column":42}},"loc":{"start":{"line":4,"column":42},"end":{"line":21,"column":null}},"line":4},"1":{"name":"(anonymous_1)","decl":{"start":{"line":7,"column":8},"end":{"line":7,"column":26}},"loc":{"start":{"line":7,"column":26},"end":{"line":7,"column":null}},"line":7},"2":{"name":"(anonymous_2)","decl":{"start":{"line":8,"column":8},"end":{"line":8,"column":27}},"loc":{"start":{"line":8,"column":27},"end":{"line":8,"column":null}},"line":8},"3":{"name":"(anonymous_3)","decl":{"start":{"line":10,"column":2},"end":{"line":10,"column":18}},"loc":{"start":{"line":10,"column":18},"end":{"line":13,"column":3}},"line":10},"4":{"name":"(anonymous_4)","decl":{"start":{"line":15,"column":2},"end":{"line":15,"column":20}},"loc":{"start":{"line":15,"column":20},"end":{"line":18,"column":3}},"line":15},"5":{"name":"offlineBannerVisible","decl":{"start":{"line":28,"column":16},"end":{"line":28,"column":null}},"loc":{"start":{"line":32,"column":11},"end":{"line":34,"column":null}},"line":32}},"branchMap":{"0":{"loc":{"start":{"line":5,"column":21},"end":{"line":5,"column":79}},"type":"cond-expr","locations":[{"start":{"line":5,"column":56},"end":{"line":5,"column":75}},{"start":{"line":5,"column":75},"end":{"line":5,"column":79}}],"line":5},"1":{"loc":{"start":{"line":33,"column":9},"end":{"line":33,"column":null}},"type":"binary-expr","locations":[{"start":{"line":33,"column":9},"end":{"line":33,"column":21}},{"start":{"line":33,"column":21},"end":{"line":33,"column":32}},{"start":{"line":33,"column":32},"end":{"line":33,"column":null}}],"line":33}},"s":{"0":42,"1":42,"2":1,"3":42,"4":1,"5":42,"6":42,"7":42,"8":42,"9":12,"10":12,"11":42,"12":89},"f":{"0":42,"1":1,"2":1,"3":42,"4":12,"5":89},"b":{"0":[42,0],"1":[89,3,2]},"meta":{"lastBranch":2,"lastFunction":6,"lastStatement":13,"seen":{"f:4:16:4:42":0,"s:5:17:5:Infinity":0,"b:5:56:5:75:5:75:5:79":0,"s:7:8:7:Infinity":1,"f:7:8:7:26":1,"s:7:26:7:Infinity":2,"s:8:8:8:Infinity":3,"f:8:8:8:27":2,"s:8:27:8:Infinity":4,"s:10:2:13:Infinity":5,"f:10:2:10:18":3,"s:11:4:11:Infinity":6,"s:12:4:12:Infinity":7,"s:15:2:18:Infinity":8,"f:15:2:15:20":4,"s:16:4:16:Infinity":9,"s:17:4:17:Infinity":10,"s:20:2:20:Infinity":11,"f:28:16:28:Infinity":5,"s:33:2:33:Infinity":12,"b:33:9:33:21:33:21:33:32:33:32:33:Infinity":1},"fnNames":{}}}
,"/home/richard/experiments/fairteilerac/frontend/src/composables/useReducedMotion.ts": {"path":"/home/richard/experiments/fairteilerac/frontend/src/composables/useReducedMotion.ts","statementMap":{"0":{"start":{"line":3,"column":2},"end":{"line":10,"column":null}},"1":{"start":{"line":4,"column":4},"end":{"line":6,"column":null}},"2":{"start":{"line":9,"column":4},"end":{"line":9,"column":null}}},"fnMap":{"0":{"name":"prefersReducedMotion","decl":{"start":{"line":2,"column":16},"end":{"line":2,"column":48}},"loc":{"start":{"line":2,"column":48},"end":{"line":11,"column":null}},"line":2}},"branchMap":{"0":{"loc":{"start":{"line":5,"column":6},"end":{"line":6,"column":null}},"type":"binary-expr","locations":[{"start":{"line":5,"column":6},"end":{"line":5,"column":null}},{"start":{"line":6,"column":6},"end":{"line":6,"column":null}}],"line":5}},"s":{"0":460,"1":460,"2":1},"f":{"0":460},"b":{"0":[460,459]},"meta":{"lastBranch":1,"lastFunction":1,"lastStatement":3,"seen":{"f:2:16:2:48":0,"s:3:2:10:Infinity":0,"s:4:4:6:Infinity":1,"b:5:6:5:Infinity:6:6:6:Infinity":0,"s:9:4:9:Infinity":2},"fnNames":{}}}
,"/home/richard/experiments/fairteilerac/frontend/src/composables/useToast.ts": {"path":"/home/richard/experiments/fairteilerac/frontend/src/composables/useToast.ts","statementMap":{"0":{"start":{"line":15,"column":14},"end":{"line":20,"column":null}},"1":{"start":{"line":22,"column":50},"end":{"line":22,"column":null}},"2":{"start":{"line":28,"column":2},"end":{"line":28,"column":null}},"3":{"start":{"line":29,"column":2},"end":{"line":29,"column":null}},"4":{"start":{"line":30,"column":2},"end":{"line":30,"column":null}},"5":{"start":{"line":31,"column":2},"end":{"line":31,"column":null}},"6":{"start":{"line":32,"column":2},"end":{"line":32,"column":null}},"7":{"start":{"line":32,"column":13},"end":{"line":32,"column":null}},"8":{"start":{"line":33,"column":2},"end":{"line":39,"column":null}},"9":{"start":{"line":35,"column":6},"end":{"line":35,"column":null}},"10":{"start":{"line":36,"column":6},"end":{"line":36,"column":null}},"11":{"start":{"line":43,"column":2},"end":{"line":43,"column":null}},"12":{"start":{"line":43,"column":13},"end":{"line":43,"column":null}},"13":{"start":{"line":44,"column":2},"end":{"line":44,"column":null}},"14":{"start":{"line":45,"column":2},"end":{"line":45,"column":null}},"15":{"start":{"line":49,"column":2},"end":{"line":49,"column":null}}},"fnMap":{"0":{"name":"showToast","decl":{"start":{"line":24,"column":16},"end":{"line":24,"column":null}},"loc":{"start":{"line":27,"column":2},"end":{"line":40,"column":null}},"line":27},"1":{"name":"(anonymous_1)","decl":{"start":{"line":33,"column":10},"end":{"line":33,"column":null}},"loc":{"start":{"line":34,"column":10},"end":{"line":37,"column":null}},"line":34},"2":{"name":"hideToast","decl":{"start":{"line":42,"column":16},"end":{"line":42,"column":28}},"loc":{"start":{"line":42,"column":28},"end":{"line":46,"column":null}},"line":42},"3":{"name":"useToast","decl":{"start":{"line":48,"column":16},"end":{"line":48,"column":27}},"loc":{"start":{"line":48,"column":27},"end":{"line":50,"column":null}},"line":48}},"branchMap":{"0":{"loc":{"start":{"line":26,"column":2},"end":{"line":26,"column":null}},"type":"default-arg","locations":[{"start":{"line":26,"column":74},"end":{"line":26,"column":null}}],"line":26},"1":{"loc":{"start":{"line":29,"column":16},"end":{"line":29,"column":null}},"type":"binary-expr","locations":[{"start":{"line":29,"column":16},"end":{"line":29,"column":33}},{"start":{"line":29,"column":33},"end":{"line":29,"column":null}}],"line":29},"2":{"loc":{"start":{"line":30,"column":17},"end":{"line":30,"column":null}},"type":"binary-expr","locations":[{"start":{"line":30,"column":17},"end":{"line":30,"column":35}},{"start":{"line":30,"column":35},"end":{"line":30,"column":null}}],"line":30},"3":{"loc":{"start":{"line":32,"column":2},"end":{"line":32,"column":null}},"type":"if","locations":[{"start":{"line":32,"column":2},"end":{"line":32,"column":null}},{"start":{},"end":{}}],"line":32},"4":{"loc":{"start":{"line":38,"column":4},"end":{"line":38,"column":null}},"type":"binary-expr","locations":[{"start":{"line":38,"column":4},"end":{"line":38,"column":25}},{"start":{"line":38,"column":25},"end":{"line":38,"column":null}}],"line":38},"5":{"loc":{"start":{"line":38,"column":25},"end":{"line":38,"column":null}},"type":"cond-expr","locations":[{"start":{"line":38,"column":42},"end":{"line":38,"column":49}},{"start":{"line":38,"column":49},"end":{"line":38,"column":null}}],"line":38},"6":{"loc":{"start":{"line":43,"column":2},"end":{"line":43,"column":null}},"type":"if","locations":[{"start":{"line":43,"column":2},"end":{"line":43,"column":null}},{"start":{},"end":{}}],"line":43}},"s":{"0":5,"1":5,"2":18,"3":18,"4":18,"5":18,"6":18,"7":14,"8":18,"9":3,"10":3,"11":8,"12":7,"13":8,"14":8,"15":16},"f":{"0":18,"1":3,"2":8,"3":16},"b":{"0":[18],"1":[18,12],"2":[18,11],"3":[14,4],"4":[18,13],"5":[2,11],"6":[7,1]},"meta":{"lastBranch":7,"lastFunction":4,"lastStatement":16,"seen"
[...]
n":6},"end":{"line":89,"column":53}},"type":"binary-expr","locations":[{"start":{"line":89,"column":6},"end":{"line":89,"column":26}},{"start":{"line":89,"column":26},"end":{"line":89,"column":53}}],"line":89},"6":{"loc":{"start":{"line":96,"column":12},"end":{"line":96,"column":null}},"type":"cond-expr","locations":[{"start":{"line":96,"column":47},"end":{"line":96,"column":68}},{"start":{"line":96,"column":68},"end":{"line":96,"column":null}}],"line":96},"7":{"loc":{"start":{"line":110,"column":4},"end":{"line":114,"column":null}},"type":"if","locations":[{"start":{"line":110,"column":4},"end":{"line":114,"column":null}},{"start":{"line":112,"column":11},"end":{"line":114,"column":null}}],"line":110},"8":{"loc":{"start":{"line":121,"column":2},"end":{"line":122,"column":null}},"type":"if","locations":[{"start":{"line":121,"column":2},"end":{"line":122,"column":null}},{"start":{"line":122,"column":7},"end":{"line":122,"column":null}}],"line":121},"9":{"loc":{"start":{"line":132,"column":10},"end":{"line":133,"column":51}},"type":"binary-expr","locations":[{"start":{"line":132,"column":10},"end":{"line":132,"column":15}},{"start":{"line":132,"column":10},"end":{"line":133,"column":51}}],"line":132},"10":{"loc":{"start":{"line":137,"column":8},"end":{"line":137,"column":59}},"type":"binary-expr","locations":[{"start":{"line":137,"column":8},"end":{"line":137,"column":14}},{"start":{"line":137,"column":8},"end":{"line":137,"column":59}}],"line":137},"11":{"loc":{"start":{"line":140,"column":16},"end":{"line":158,"column":102}},"type":"cond-expr","locations":[{"start":{"line":140,"column":6},"end":{"line":140,"column":84}},{"start":{"line":141,"column":22},"end":{"line":158,"column":102}}],"line":140},"12":{"loc":{"start":{"line":140,"column":16},"end":{"line":140,"column":42}},"type":"binary-expr","locations":[{"start":{"line":140,"column":16},"end":{"line":140,"column":26}},{"start":{"line":140,"column":26},"end":{"line":140,"column":42}}],"line":140},"13":{"loc":{"start":{"line":141,"column":22},"end":{"line":158,"column":102}},"type":"cond-expr","locations":[{"start":{"line":141,"column":6},"end":{"line":143,"column":93}},{"start":{"line":146,"column":6},"end":{"line":158,"column":102}}],"line":141},"14":{"loc":{"start":{"line":147,"column":8},"end":{"line":151,"column":14}},"type":"binary-expr","locations":[{"start":{"line":147,"column":8},"end":{"line":147,"column":13}},{"start":{"line":147,"column":8},"end":{"line":151,"column":14}}],"line":147},"15":{"loc":{"start":{"line":153,"column":34},"end":{"line":153,"column":45}},"type":"binary-expr","locations":[{"start":{"line":153,"column":34},"end":{"line":153,"column":44}},{"start":{"line":153,"column":34},"end":{"line":153,"column":45}}],"line":153},"16":{"loc":{"start":{"line":158,"column":22},"end":{"line":158,"column":102}},"type":"cond-expr","locations":[{"start":{"line":158,"column":10},"end":{"line":158,"column":102}},{"start":{"line":158,"column":92},"end":{"line":158,"column":102}}],"line":158},"17":{"loc":{"start":{"line":163,"column":20},"end":{"line":270,"column":56}},"type":"cond-expr","locations":[{"start":{"line":163,"column":4},"end":{"line":270,"column":56}}],"line":163},"18":{"loc":{"start":{"line":163,"column":20},"end":{"line":163,"column":null}},"type":"binary-expr","locations":[{"start":{"line":163,"column":20},"end":{"line":163,"column":30}},{"start":{"line":163,"column":30},"end":{"line":163,"column":null}}],"line":163},"19":{"loc":{"start":{"line":179,"column":25},"end":{"line":187,"column":41}},"type":"cond-expr","locations":[{"start":{"line":179,"column":14},"end":{"line":180,"column":56}},{"start":{"line":182,"column":30},"end":{"line":187,"column":41}}],"line":179},"20":{"loc":{"start":{"line":181,"column":20},"end":{"line":180,"column":56}},"type":"binary-expr","locations":[{"start":{"line":181,"column":20},"end":{"line":181,"column":null}},{"start":{"line":181,"column":20},"end":{"line":180,"column":56}}],"line":181},"21":{"loc":{"start":{"line":182,"column":30},"end":{"line":187,"column":41}},"type":"cond-expr","locations":[{"start":{"line":182,"column":14},"end":{"line":183,"column":56}},{"start":{"line":185,"column":14},"end":{"line":187,"column":41}}],"line":182},"22":{"loc":{"start":{"line":184,"column":20},"end":{"line":183,"column":56}},"type":"binary-expr","locations":[{"start":{"line":184,"column":20},"end":{"line":184,"column":null}},{"start":{"line":184,"column":20},"end":{"line":183,"column":56}}],"line":184},"23":{"loc":{"start":{"line":188,"column":20},"end":{"line":187,"column":41}},"type":"binary-expr","locations":[{"start":{"line":188,"column":20},"end":{"line":188,"column":null}},{"start":{"line":188,"column":20},"end":{"line":187,"column":41}}],"line":188},"24":{"loc":{"start":{"line":192,"column":26},"end":{"line":192,"column":91}},"type":"cond-expr","locations":[{"start":{"line":192,"column":14},"end":{"line":192,"column":91}},{"start":{"line":192,"column":80},"end":{"line":192,"column":91}}],"line":192},"25":{"loc":{"start":{"line":194,"column":12},"end":{"line":195,"column":47}},"type":"binary-expr","locations":[{"start":{"line":194,"column":12},"end":{"line":194,"column":17}},{"start":{"line":194,"column":12},"end":{"line":195,"column":47}}],"line":194},"26":{"loc":{"start":{"line":214,"column":25},"end":{"line":222,"column":110}},"type":"cond-expr","locations":[{"start":{"line":214,"column":14},"end":{"line":216,"column":57}},{"start":{"line":218,"column":30},"end":{"line":222,"column":110}}],"line":214},"27":{"loc":{"start":{"line":217,"column":20},"end":{"line":216,"column":57}},"type":"binary-expr","locations":[{"start":{"line":217,"column":20},"end":{"line":217,"column":null}},{"start":{"line":217,"column":20},"end":{"line":216,"column":57}}],"line":217},"28":{"loc":{"start":{"line":218,"column":30},"end":{"line":222,"column":110}},"type":"cond-expr","locations":[{"start":{"line":218,"column":14},"end":{"line":219,"column":96}},{"start":{"line":221,"column":14},"end":{"line":222,"column":110}}],"line":218},"29":{"loc":{"start":{"line":220,"column":20},"end":{"line":219,"column":96}},"type":"binary-expr","locations":[{"start":{"line":220,"column":20},"end":{"line":220,"column":null}},{"start":{"line":220,"column":20},"end":{"line":219,"column":96}}],"line":220},"30":{"loc":{"start":{"line":223,"column":20},"end":{"line":222,"column":110}},"type":"binary-expr","locations":[{"start":{"line":223,"column":20},"end":{"line":223,"column":null}},{"start":{"line":223,"column":20},"end":{"line":222,"column":110}}],"line":223},"31":{"loc":{"start":{"line":226,"column":12},"end":{"line":227,"column":47}},"type":"binary-expr","locations":[{"start":{"line":226,"column":12},"end":{"line":226,"column":17}},{"start":{"line":226,"column":12},"end":{"line":227,"column":47}}],"line":226},"32":{"loc":{"start":{"line":234,"column":17},"end":{"line":248,"column":null}},"type":"cond-expr","locations":[{"start":{"line":234,"column":6},"end":{"line":248,"column":null}}],"line":234},"33":{"loc":{"start":{"line":261,"column":17},"end":{"line":261,"column":84}},"type":"cond-expr","locations":[{"start":{"line":261,"column":8},"end":{"line":261,"column":84}},{"start":{"line":261,"column":77},"end":{"line":261,"column":84}}],"line":261},"34":{"loc":{"start":{"line":265,"column":21},"end":{"line":265,"column":null}},"type":"binary-expr","locations":[{"start":{"line":265,"column":21},"end":{"line":265,"column":35}},{"start":{"line":265,"column":35},"end":{"line":265,"column":null}}],"line":265},"35":{"loc":{"start":{"line":268,"column":13},"end":{"line":268,"column":null}},"type":"cond-expr","locations":[{"start":{"line":268,"column":26},"end":{"line":268,"column":51}},{"start":{"line":268,"column":51},"end":{"line":268,"column":null}}],"line":268}},"s":{"0":11,"1":11,"2":11,"3":11,"4":11,"5":11,"6":11,"7":11,"8":11,"9":11,"10":11,"11":11,"12":11,"13":13,"14":11,"15":11,"16":11,"17":11,"18":11,"19":11,"20":14,"21":11,"22":0,"23":11,"24":4,"25":4,"26":4,"27":1,"28":2,"29":3,"30":2,"31":2,"32":1,"33":1,"34":1,"35":7,"36":0,"37":7,"38":7,"39":7,"40":7,"41":7,"42":5,"43":5,"44":2,"45":5,"46":2,"47":1,"48":1,"49":7,"50":0,"51":0,"52":0,"53":1,"54":1,"55":1,"56":1,"57":1,"58":1,"59":1,"60":1,"61":1,"62":1,"63":1,"64":1,"65":1,"66":1,"67":1,"68":1,"69":1,"70":1,"71":1,"72":1,"73":1,"74":44,"75":0,"76":66,"77":99,"78":2,"79":99,"80":2,"81":182,"82":4,"83":11},"f":{"0":11,"1":13,"2":11,"3":14,"4":4,"5":4,"6":2,"7":2,"8":7,"9":2,"10":0,"11":0,"12":66,"13":99,"14":2,"15":99,"16":2,"17":182,"18":4,"19":11},"b":{"0":[11,0],"1":[11,1,0],"2":[1,3],"3":[1,0],"4":[0,7],"5":[7,7],"6":[5,2],"7":[1,1],"8":[0,0],"9":[44,11],"10":[44,11],"11":[11,33],"12":[44,11],"13":[0,33],"14":[33,11],"15":[33,11],"16":[33,0],"17":[33],"18":[44,33],"19":[33,66],"20":[33,11],"21":[33,33],"22":[33,11],"23":[33,11],"24":[33,66],"25":[99,11],"26":[33,66],"27":[33,11],"28":[33,33],"29":[33,11],"30":[33,11],"31":[99,11],"32":[26],"33":[2,31],"34":[33,26],"35":[7,26]},"meta":{"lastBranch":0,"lastFunction":0,"lastStatement":0,"seen":{},"fnNames":{}}}
,"/home/richard/experiments/fairteilerac/frontend/src/views/RegelnView.vue": {"path":"/home/richard/experiments/fairteilerac/frontend/src/views/RegelnView.vue","statementMap":{"0":{"start":{"line":36,"column":7},"end":{"line":36,"column":25}},"1":{"start":{"line":7,"column":2},"end":{"line":36,"column":50}},"2":{"start":{"line":8,"column":34},"end":{"line":36,"column":50}}},"fnMap":{"0":{"name":"(anonymous_0)","decl":{"start":{"line":8,"column":4},"end":{"line":8,"column":10}},"loc":{"start":{"line":8,"column":34},"end":{"line":36,"column":50}},"line":8}},"branchMap":{},"s":{"0":1,"1":1,"2":1},"f":{"0":1},"b":{},"meta":{"lastBranch":0,"lastFunction":1,"lastStatement":3,"seen":{"s:36:7:36:25":0,"s:7:2:36:50":1,"f:8:4:8:10":0,"s:8:34:36:50":2},"fnNames":{}}}
,"/home/richard/experiments/fairteilerac/frontend/src/views/StatistikView.vue": {"path":"/home/richard/experiments/fairteilerac/frontend/src/views/StatistikView.vue","statementMap":{"0":{"start":{"line":9,"column":19},"end":{"line":9,"column":27}},"1":{"start":{"line":11,"column":14},"end":{"line":11,"column":null}},"2":{"start":{"line":12,"column":15},"end":{"line":12,"column":null}},"3":{"start":{"line":14,"column":0},"end":{"line":20,"column":null}},"4":{"start":{"line":15,"column":2},"end":{"line":19,"column":null}},"5":{"start":{"line":16,"column":4},"end":{"line":16,"column":null}},"6":{"start":{"line":18,"column":4},"end":{"line":18,"column":null}},"7":{"start":{"line":24,"column":30},"end":{"line":24,"column":null}},"8":{"start":{"line":25,"column":2},"end":{"line":32,"column":null}},"9":{"start":{"line":26,"column":4},"end":{"line":29,"column":null}},"10":{"start":{"line":31,"column":4},"end":{"line":31,"column":null}},"11":{"start":{"line":35,"column":14},"end":{"line":35,"column":null}},"12":{"start":{"line":35,"column":29},"end":{"line":35,"column":56}},"13":{"start":{"line":36,"column":15},"end":{"line":36,"column":null}},"14":{"start":{"line":36,"column":30},"end":{"line":36,"column":78}},"15":{"start":{"line":36,"column":57},"end":{"line":36,"column":77}},"16":{"start":{"line":37,"column":18},"end":{"line":37,"column":null}},"17":{"start":{"line":37,"column":33},"end":{"line":37,"column":76}},"18":{"start":{"line":37,"column":60},"end":{"line":37,"column":75}},"19":{"start":{"line":38,"column":16},"end":{"line":38,"column":null}},"20":{"start":{"line":38,"column":31},"end":{"line":38,"column":72}},"21":{"start":{"line":38,"column":58},"end":{"line":38,"column":71}},"22":{"start":{"line":42,"column":7},"end":{"line":42,"column":null}},"23":{"start":{"line":43,"column":12},"end":{"line":43,"column":null}},"24":{"start":{"line":44,"column":10},"end":{"line":44,"column":37}},"25":{"start":{"line":45,"column":9},"end":{"line":45,"column":null}},"26":{"start":{"line":60,"column":13},"end":{"line":60,"column":null}},"27":{"start":{"line":61,"column":16},"end":{"line":61,"column":37}},"28":{"start":{"line":62,"column":16},"end":{"line":62,"column":37}},"29":{"start":{"line":64,"column":13},"end":{"line":64,"column":null}},"30":{"start":{"line":65,"column":16},"end":{"line":65,"column":37}},"31":{"start":{"line":66,"column":16},"end":{"line":66,"column":37}},"32":{"start":{"line":68,"column":13},"end":{"line":68,"column":null}},"33":{"start":{"line":69,"column":16},"end":{"line":69,"column":34}},"34":{"start":{"line":69,"column":39},"end":{"line":69,"column":52}},"35":{"start":{"line":70,"column":16},"end":{"line":70,"column":37}},"36":{"start":{"line":76,"column":14},"end":{"line":76,"column":41}},"37":{"start":{"line":77,"column":13},"end":{"line":77,"column":null}},"38":{"start":{"line":83,"column":14},"end":{"line":83,"column":41}},"39":{"start":{"line":84,"column":13},"end":{"line":84,"column":null}},"40":{"start":{"line":89,"column":9},"end":{"line":89,"column":27}},"41":{"start":{"line":42,"column":2},"end":{"line":101,"column":52}},"42":{"start":{"line":48,"column":42},"end":{"line":48,"column":42}},"43":{"start":{"line":94,"column":8},"end":{"line":96,"column":53}},"44":{"start":{"line":99,"column":6},"end":{"line":101,"column":52}}},"fnMap":{"0":{"name":"(anonymous_0)","decl":{"start":{"line":14,"column":10},"end":{"line":14,"column":22}},"loc":{"start":{"line":14,"column":22},"end":{"line":20,"column":1}},"line":14},"1":{"name":"shortDate","decl":{"start":{"line":23,"column":9},"end":{"line":23,"column":19}},"loc":{"start":{"line":23,"column":40},"end":{"line":33,"column":null}},"line":23},"2":{"name":"(anonymous_2)","decl":{"start":{"line":35,"column":14},"end":{"line":35,"column":29}},"loc":{"start":{"line":35,"column":29},"end":{"line":35,"column":56}},"line":35},"3":{"name":"(anonymous_3)","decl":{"start":{"line":36,"column":15},"end":{"line":36,"column":30}},"loc":{"start":{"line":36,"column":30},"end":{"line":36,"column":78}},"line":36},"4":{"name":"(anonymous_4)","decl":{"start":{"line":36,"column":42},"end":{"line":36,"column":47}},"loc":{"start":{"line":36,"column":57},"end":{"line":36,"column":77}},"line":36},"5":{"name":"(anonymous_5)","decl":{"start":{"line":37,"column":18},"end":{"line":37,"column":33}},"loc":{"start":{"line":37,"column":33},"end":{"line":37,"column":76}},"line":37},"6":{"name":"(anonymous_6)","decl":{"start":{"line":37,"column":45},"end":{"line":37,"column":50}},"loc":{"start":{"line":37,"column":60},"end":{"line":37,"column":75}},"line":37},"7":{"name":"(anonymous_7)","decl":{"start":{"line":38,"column":16},"end":{"line":38,"column":31}},"loc":{"start":{"line":38,"column":31},"end":{"line":38,"column":72}},"line":38},"8":{"name":"(anonymous_8)","decl":{"start":{"line":38,"column":43},"end":{"line":38,"column":48}},"loc":{"start":{"line":38,"column":58},"end":{"line":38,"column":71}},"line":38},"9":{"name":"(anonymous_9)","decl":{"start":{"line":48,"column":10},"end":{"line":48,"column":13}},"loc":{"start":{"line":48,"column":42},"end":{"line":48,"column":42}},"line":48},"10":{"name":"(anonymous_10)","decl":{"start":{"line":94,"column":25},"end":{"line":94,"column":29}},"loc":{"start":{"line":94,"column":21},"end":{"line":96,"column":53}},"line":94},"11":{"name":"(anonymous_11)","decl":{"start":{"line":99,"column":23},"end":{"line":99,"column":27}},"loc":{"start":{"line":99,"column":19},"end":{"line":101,"column":52}},"line":99}},"branchMap":{"0":{"loc":{"start":{"line":29,"column":31},"end":{"line":29,"column":45}},"type":"binary-expr","locations":[{"start":{"line":29,"column":31},"end":{"line":29,"column":40}},{"start":{"line":29,"column":40},"end":{"line":29,"column":45}}],"line":29},"1":{"loc":{"start":{"line":35,"column":29},"end":{"line":35,"column":56}},"type":"binary-expr","locations":[{"start":{"line":35,"column":29},"end":{"line":35,"column":54}},{"start":{"line":35,"column":54},"end":{"line":35,"column":56}}],"line":35},"2":{"loc":{"start":{"line":53,"column":13},"end":{"line":101,"column":52}},"type":"cond-expr","locations":[{"start":{"line":53,"column":4},"end":{"line":54,"column":null}},{"start":{"line":57,"column":25},"end":{"line":101,"column":52}}],"line":53},"3":{"loc":{"start":{"line":57,"column":25},"end":{"line":101,"column":52}},"type":"cond-expr","locations":[{"start":{"line":57,"column":4},"end":{"line":92,"column":null}},{"start":{"line":92,"column":4},"end":{"line":101,"column":52}}],"line":57}},"s":{"0":4,"1":4,"2":4,"3":4,"4":4,"5":4,"6":1,"7":42,"8":42,"9":42,"10":0,"11":4,"12":3,"13":4,"14":3,"15":42,"16":4,"17":3,"18":42,"19":4,"20":3,"21":42,"22":1,"23":1,"24":1,"25":1,"26":1,"27":1,"28":1,"29":1,"30":1,"31":1,"32":1,"33":1,"34":1,"35":1,"36":1,"37":1,"38":1,"39":1,"40":1,"41":8,"42":4,"43":12,"44":8},"f":{"0":4,"1":42,"2":3,"3":3,"4":42,"5":3,"6":42,"7":3,"8":42,"9":4,"10":12,"11":8},"b":{"0":[42,0],"1":[3,0],"2":[1,7],"3":[3,4]},"meta":{"lastBranch":4,"lastFunction":12,"lastStatement":45,"seen":{"s:9:19:9:27":0,"s:11:14:11:Infinity":1,"s:12:15:12:Infinity":2,"s:14:0:20:Infinity":3,"f:14:10:14:22":0,"s:15:2:19:Infinity":4,"s:16:4:16:Infinity":5,"s:18:4:18:Infinity":6,"f:23:9:23:19":1,"s:24:30:24:Infinity":7,"s:25:2:32:Infinity":8,"s:26:4:29:Infinity":9,"b:29:31:29:40:29:40:29:45":0,"s:31:4:31:Infinity":10,"s:35:14:35:Infinity":11,"f:35:14:35:29":2,"s:35:29:35:56":12,"b:35:29:35:54:35:54:35:56":1,"s:36:15:36:Infinity":13,"f:36:15:36:30":3,"s:36:30:36:78":14,"f:36:42:36:47":4,"s:36:57:36:77":15,"s:37:18:37:Infinity":16,"f:37:18:37:33":5,"s:37:33:37:76":17,"f:37:45:37:50":6,"s:37:60:37:75":18,"s:38:16:38:Infinity":19,"f:38:16:38:31":7,"s:38:31:38:72":20,"f:38:43:38:48":8,"s:38:58:38:71":21,"s:42:7:42:Infinity":22,"s:43:12:43:Infinity":23,"s:44:10:44:37":24,"s:45:9:45:Infinity":25,"s:60:13:60:Infinity":26,"s:61:16:61:37":27,"s:62:16:62:37":28,"s:64:13:64:Infinity":29,"s:65:16:65:37":30,"s:66:16:66:37":31,"s:68:13:68:Infinity":32,"s:69:16:69:34":33,"s:69:39:69:52":34,"s:70:16:70:37":35,"s:76:14:76:41":36,"s:77:13:77:Infinity":37,"s:83:14:83:41":38,"s:84:13:84:Infinity":39,"s:89:9:89:27":40,"s:42:2:101:52":41,"f:48:10:48:13":9,"s:48:42:48:42":42,"b:53:4:54:Infinity:57:25:101:52":2,"b:57:4:92:Infinity:92:4:101:52":3,"f:94:25:94:29":10,"s:94:8:96:53":43,"f:99:23:99:27":11,"s:99:6:101:52":44},"fnNames":{}}}
,"/home/richard/experiments/fairteilerac/frontend/tests/fixtures.ts": {"path":"/home/richard/experiments/fairteilerac/frontend/tests/fixtures.ts","statementMap":{"0":{"start":{"line":6,"column":2},"end":{"line":21,"column":null}},"1":{"start":{"line":25,"column":2},"end":{"line":34,"column":null}},"2":{"start":{"line":38,"column":2},"end":{"line":41,"column":null}}},"fnMap":{"0":{"name":"makeFairteiler","decl":{"start":{"line":3,"column":16},"end":{"line":3,"column":null}},"loc":{"start":{"line":5,"column":22},"end":{"line":22,"column":null}},"line":5},"1":{"name":"makeDetail","decl":{"start":{"line":24,"column":16},"end":{"line":24,"column":27}},"loc":{"start":{"line":24,"column":88},"end":{"line":35,"column":null}},"line":24},"2":{"name":"jsonResponse","decl":{"start":{"line":37,"column":16},"end":{"line":37,"column":29}},"loc":{"start":{"line":37,"column":68},"end":{"line":42,"column":null}},"line":37}},"branchMap":{"0":{"loc":{"start":{"line":4,"column":2},"end":{"line":4,"column":null}},"type":"default-arg","locations":[{"start":{"line":4,"column":43},"end":{"line":4,"column":null}}],"line":4},"1":{"loc":{"start":{"line":24,"column":27},"end":{"line":24,"column":88}},"type":"default-arg","locations":[{"start":{"line":24,"column":66},"end":{"line":24,"column":88}}],"line":24},"2":{"loc":{"start":{"line":37,"column":44},"end":{"line":37,"column":68}},"type":"default-arg","locations":[{"start":{"line":37,"column":53},"end":{"line":37,"column":68}}],"line":37}},"s":{"0":61,"1":9,"2":87},"f":{"0":61,"1":9,"2":87},"b":{"0":[61],"1":[9],"2":[87]},"meta":{"lastBranch":3,"lastFunction":3,"lastStatement":3,"seen":{"f:3:16:3:Infinity":0,"b:4:43:4:Infinity":0,"s:6:2:21:Infinity":0,"f:24:16:24:27":1,"b:24:66:24:88":1,"s:25:2:34:Infinity":1,"f:37:16:37:29":2,"b:37:53:37:68":2,"s:38:2:41:Infinity":2},"fnNames":{}}}
}
